
==============NVSMI LOG==============

Timestamp                           : Fri Feb  1 09:34:23 2019
Driver Version                      : 410.79
CUDA Version                        : 10.0

Attached GPUs                       : 1
GPU 00000000:01:00.0
    Product Name                    : GeForce GTX 750 Ti
    Product Brand                   : GeForce
    Display Mode                    : Enabled
    Display Active                  : Enabled
    Persistence Mode                : Disabled
    Accounting Mode                 : Disabled
    Accounting Mode Buffer Size     : 4000
    Driver Model
        Current                     : N/A
        Pending                     : N/A
    Serial Number                   : N/A
    GPU UUID                        : GPU-12e9bc68-58bb-1f60-d768-e541cc24c6c5
    Minor Number                    : 0
    VBIOS Version                   : 82.07.32.00.50
    MultiGPU Board                  : No
    Board ID                        : 0x100
    GPU Part Number                 : N/A
    Inforom Version
        Image Version               : N/A
        OEM Object                  : N/A
        ECC Object                  : N/A
        Power Management Object     : N/A
    GPU Operation Mode
        Current                     : N/A
        Pending                     : N/A
    GPU Virtualization Mode
        Virtualization mode         : None
    IBMNPU
        Relaxed Ordering Mode       : N/A
    PCI
        Bus                         : 0x01
        Device                      : 0x00
        Domain                      : 0x0000
        Device Id                   : 0x138010DE
        Bus Id                      : 00000000:01:00.0
        Sub System Id               : 0x37533842
        GPU Link Info
            PCIe Generation
                Max                 : 2
                Current             : 1
            Link Width
                Max                 : 16x
                Current             : 16x
        Bridge Chip
            Type                    : N/A
            Firmware                : N/A
        Replays since reset         : 0
        Tx Throughput               : 0 KB/s
        Rx Throughput               : 2000 KB/s
    Fan Speed                       : 40 %
    Performance State               : P8
    Clocks Throttle Reasons
        Idle                        : Active
        Applications Clocks Setting : Not Active
        SW Power Cap                : Not Active
        HW Slowdown                 : Not Active
            HW Thermal Slowdown     : N/A
            HW Power Brake Slowdown : N/A
        Sync Boost                  : Not Active
        SW Thermal Slowdown         : Not Active
        Display Clock Setting       : Not Active
    FB Memory Usage
        Total                       : 1999 MiB
        Used                        : 429 MiB
        Free                        : 1570 MiB
    BAR1 Memory Usage
        Total                       : 256 MiB
        Used                        : 4 MiB
        Free                        : 252 MiB
    Compute Mode                    : Default
    Utilization
        Gpu                         : 10 %
        Memory                      : 10 %
        Encoder                     : 0 %
        Decoder                     : 0 %
    Encoder Stats
        Active Sessions             : 0
        Average FPS                 : 0
        Average Latency             : 0
    FBC Stats
        Active Sessions             : 0
        Average FPS                 : 0
        Average Latency             : 0
    Ecc Mode
        Current                     : N/A
        Pending                     : N/A
    ECC Errors
        Volatile
            Single Bit            
                Device Memory       : N/A
                Register File       : N/A
                L1 Cache            : N/A
                L2 Cache            : N/A
                Texture Memory      : N/A
                Texture Shared      : N/A
                CBU                 : N/A
                Total               : N/A
            Double Bit            
                Device Memory       : N/A
                Register File       : N/A
                L1 Cache            : N/A
                L2 Cache            : N/A
                Texture Memory      : N/A
                Texture Shared      : N/A
                CBU                 : N/A
                Total               : N/A
        Aggregate
            Single Bit            
                Device Memory       : N/A
                Register File       : N/A
                L1 Cache            : N/A
                L2 Cache            : N/A
                Texture Memory      : N/A
                Texture Shared      : N/A
                CBU                 : N/A
                Total               : N/A
            Double Bit            
                Device Memory       : N/A
                Register File       : N/A
                L1 Cache            : N/A
                L2 Cache            : N/A
                Texture Memory      : N/A
                Texture Shared      : N/A
                CBU                 : N/A
                Total               : N/A
    Retired Pages
        Single Bit ECC              : N/A
        Double Bit ECC              : N/A
        Pending                     : N/A
    Temperature
        GPU Current Temp            : 29 C
        GPU Shutdown Temp           : 101 C
        GPU Slowdown Temp           : 96 C
        GPU Max Operating Temp      : N/A
        Memory Current Temp         : N/A
        Memory Max Operating Temp   : N/A
    Power Readings
        Power Management            : Supported
        Power Draw                  : 1.00 W
        Power Limit                 : 38.50 W
        Default Power Limit         : 38.50 W
        Enforced Power Limit        : 38.50 W
        Min Power Limit             : 30.00 W
        Max Power Limit             : 38.50 W
    Clocks
        Graphics                    : 135 MHz
        SM                          : 135 MHz
        Memory                      : 405 MHz
        Video                       : 405 MHz
    Applications Clocks
        Graphics                    : 1176 MHz
        Memory                      : 2700 MHz
    Default Applications Clocks
        Graphics                    : 1176 MHz
        Memory                      : 2700 MHz
    Max Clocks
        Graphics                    : 1450 MHz
        SM                          : 1450 MHz
        Memory                      : 2700 MHz
        Video                       : 1305 MHz
    Max Customer Boost Clocks
        Graphics                    : N/A
    Clock Policy
        Auto Boost                  : N/A
        Auto Boost Default          : N/A
    Processes
        Process ID                  : 4970
            Type                    : G
            Name                    : /usr/lib/xorg/Xorg
            Used GPU Memory         : 236 MiB
        Process ID                  : 12251
            Type                    : G
            Name                    : compiz
            Used GPU Memory         : 122 MiB
        Process ID                  : 12951
            Type                    : G
            Name                    : /usr/share/skypeforlinux/skypeforlinux --type=gpu-process --no-sandbox --supports-dual-gpus=false --gpu-driver-bug-workarounds=9,27,84 --disable-gl-extensions=GL_KHR_blend_equation_advanced GL_KHR_blend_equation_advanced_coherent --disable-accelerated-video-decode --gpu-vendor-id=0x10de --gpu-device-id=0x1380 --gpu-driver-vendor=Nvidia --gpu-driver-version=410.79 --gpu-driver-date --service-request-channel-token=3FD69551D9FD5BBE1CFA9B107A7ED946
            Used GPU Memory         : 63 MiB
        Process ID                  : 20619
            Type                    : G
            Name                    : /usr/local/MATLAB/R2018b/bin/glnxa64/MATLAB
            Used GPU Memory         : 1 MiB

