[Warning: Directory already exists.] 
[> In runStiffMaTest2 (line 28)] 


Starting the performance measurement with the following parameters:
Number of finine elements: 160x160x160 (4096000)
Date type for 'elements': 'uint32'
Date type for 'nodes': 'double'
Problem type: 'Vector'
Processor type: 'GPU'

Running StiffMa2_LNX_Vec160
	Mesh created successfully with 4096000 Hex8 elements and 4173281 nodes!

The global stiffness matrix will be computed with 16 chunk(s).
Available memory on GPU before computations begin (MB): 16435.839
Processing the VECTOR problem with 160x160x160 elements
	 Processing Chunk 1 of 16...
	 Processing Chunk 2 of 16...
	 Processing Chunk 3 of 16...
	 Processing Chunk 4 of 16...
	 Processing Chunk 5 of 16...
	 Processing Chunk 6 of 16...
	 Processing Chunk 7 of 16...
	 Processing Chunk 8 of 16...
	 Processing Chunk 9 of 16...
	 Processing Chunk 10 of 16...
	 Processing Chunk 11 of 16...
	 Processing Chunk 12 of 16...
	 Processing Chunk 13 of 16...
	 Processing Chunk 14 of 16...
	 Processing Chunk 15 of 16...
	 Processing Chunk 16 of 16...
.	 Processing Chunk 1 of 16...
	 Processing Chunk 2 of 16...
	 Processing Chunk 3 of 16...
	 Processing Chunk 4 of 16...
	 Processing Chunk 5 of 16...
	 Processing Chunk 6 of 16...
	 Processing Chunk 7 of 16...
	 Processing Chunk 8 of 16...
	 Processing Chunk 9 of 16...
	 Processing Chunk 10 of 16...
	 Processing Chunk 11 of 16...
	 Processing Chunk 12 of 16...
	 Processing Chunk 13 of 16...
	 Processing Chunk 14 of 16...
	 Processing Chunk 15 of 16...
	 Processing Chunk 16 of 16...
.	 Processing Chunk 1 of 16...
	 Processing Chunk 2 of 16...
	 Processing Chunk 3 of 16...
	 Processing Chunk 4 of 16...
	 Processing Chunk 5 of 16...
	 Processing Chunk 6 of 16...
	 Processing Chunk 7 of 16...
	 Processing Chunk 8 of 16...
	 Processing Chunk 9 of 16...
	 Processing Chunk 10 of 16...
	 Processing Chunk 11 of 16...
	 Processing Chunk 12 of 16...
	 Processing Chunk 13 of 16...
	 Processing Chunk 14 of 16...
	 Processing Chunk 15 of 16...
	 Processing Chunk 16 of 16...
.	 Processing Chunk 1 of 16...
	 Processing Chunk 2 of 16...
	 Processing Chunk 3 of 16...
	 Processing Chunk 4 of 16...
	 Processing Chunk 5 of 16...
	 Processing Chunk 6 of 16...
	 Processing Chunk 7 of 16...
	 Processing Chunk 8 of 16...
	 Processing Chunk 9 of 16...
	 Processing Chunk 10 of 16...
	 Processing Chunk 11 of 16...
	 Processing Chunk 12 of 16...
	 Processing Chunk 13 of 16...
	 Processing Chunk 14 of 16...
	 Processing Chunk 15 of 16...
	 Processing Chunk 16 of 16...
.	 Processing Chunk 1 of 16...
	 Processing Chunk 2 of 16...
	 Processing Chunk 3 of 16...
	 Processing Chunk 4 of 16...
	 Processing Chunk 5 of 16...
	 Processing Chunk 6 of 16...
	 Processing Chunk 7 of 16...
	 Processing Chunk 8 of 16...
	 Processing Chunk 9 of 16...
	 Processing Chunk 10 of 16...
	 Processing Chunk 11 of 16...
	 Processing Chunk 12 of 16...
	 Processing Chunk 13 of 16...
	 Processing Chunk 14 of 16...
	 Processing Chunk 15 of 16...
	 Processing Chunk 16 of 16...
.	 Processing Chunk 1 of 16...
	 Processing Chunk 2 of 16...
	 Processing Chunk 3 of 16...
	 Processing Chunk 4 of 16...
	 Processing Chunk 5 of 16...
	 Processing Chunk 6 of 16...
	 Processing Chunk 7 of 16...
	 Processing Chunk 8 of 16...
	 Processing Chunk 9 of 16...
	 Processing Chunk 10 of 16...
	 Processing Chunk 11 of 16...
	 Processing Chunk 12 of 16...
	 Processing Chunk 13 of 16...
	 Processing Chunk 14 of 16...
	 Processing Chunk 15 of 16...
	 Processing Chunk 16 of 16...
.	 Processing Chunk 1 of 16...
	 Processing Chunk 2 of 16...
	 Processing Chunk 3 of 16...
	 Processing Chunk 4 of 16...
	 Processing Chunk 5 of 16...
	 Processing Chunk 6 of 16...
	 Processing Chunk 7 of 16...
	 Processing Chunk 8 of 16...
	 Processing Chunk 9 of 16...
	 Processing Chunk 10 of 16...
	 Processing Chunk 11 of 16...
	 Processing Chunk 12 of 16...
	 Processing Chunk 13 of 16...
	 Processing Chunk 14 of 16...
	 Processing Chunk 15 of 16...
	 Processing Chunk 16 of 16...
.	 Processing Chunk 1 of 16...
	 Processing Chunk 2 of 16...
	 Processing Chunk 3 of 16...
	 Processing Chunk 4 of 16...
	 Processing Chunk 5 of 16...
	 Processing Chunk 6 of 16...
	 Processing Chunk 7 of 16...
	 Processing Chunk 8 of 16...
	 Processing Chunk 9 of 16...
	 Processing Chunk 10 of 16...
	 Processing Chunk 11 of 16...
	 Processing Chunk 12 of 16...
	 Processing Chunk 13 of 16...
	 Processing Chunk 14 of 16...
	 Processing Chunk 15 of 16...
	 Processing Chunk 16 of 16...
.
Done StiffMa2_LNX_Vec160
__________

  TimeResult with properties:

            Name: 'StiffMa2_LNX_Vec160/StiffMa'
           Valid: 1
         Samples: [4x7 table]
    TestActivity: [8x12 table]

Totals:
   1 Valid, 0 Invalid.
   84.4583 seconds testing time.



Starting the performance measurement with the following parameters:
Number of finine elements: 162x162x162 (4251528)
Date type for 'elements': 'uint32'
Date type for 'nodes': 'double'
Problem type: 'Vector'
Processor type: 'GPU'

Running StiffMa2_LNX_Vec162
	Mesh created successfully with 4251528 Hex8 elements and 4330747 nodes!

The global stiffness matrix will be computed with 18 chunk(s).
Available memory on GPU before computations begin (MB): 16435.839
Processing the VECTOR problem with 162x162x162 elements
	 Processing Chunk 1 of 18...
	 Processing Chunk 2 of 18...
	 Processing Chunk 3 of 18...
	 Processing Chunk 4 of 18...
	 Processing Chunk 5 of 18...
	 Processing Chunk 6 of 18...
	 Processing Chunk 7 of 18...
	 Processing Chunk 8 of 18...
	 Processing Chunk 9 of 18...
	 Processing Chunk 10 of 18...
	 Processing Chunk 11 of 18...
	 Processing Chunk 12 of 18...
	 Processing Chunk 13 of 18...
	 Processing Chunk 14 of 18...
	 Processing Chunk 15 of 18...
	 Processing Chunk 16 of 18...
	 Processing Chunk 17 of 18...
	 Processing Chunk 18 of 18...
.	 Processing Chunk 1 of 18...
	 Processing Chunk 2 of 18...
	 Processing Chunk 3 of 18...
	 Processing Chunk 4 of 18...
	 Processing Chunk 5 of 18...
	 Processing Chunk 6 of 18...
	 Processing Chunk 7 of 18...
	 Processing Chunk 8 of 18...
	 Processing Chunk 9 of 18...
	 Processing Chunk 10 of 18...
	 Processing Chunk 11 of 18...
	 Processing Chunk 12 of 18...
	 Processing Chunk 13 of 18...
	 Processing Chunk 14 of 18...
	 Processing Chunk 15 of 18...
	 Processing Chunk 16 of 18...
	 Processing Chunk 17 of 18...
	 Processing Chunk 18 of 18...
.	 Processing Chunk 1 of 18...
	 Processing Chunk 2 of 18...
	 Processing Chunk 3 of 18...
	 Processing Chunk 4 of 18...
	 Processing Chunk 5 of 18...
	 Processing Chunk 6 of 18...
	 Processing Chunk 7 of 18...
	 Processing Chunk 8 of 18...
	 Processing Chunk 9 of 18...
	 Processing Chunk 10 of 18...
	 Processing Chunk 11 of 18...
	 Processing Chunk 12 of 18...
	 Processing Chunk 13 of 18...
	 Processing Chunk 14 of 18...
	 Processing Chunk 15 of 18...
	 Processing Chunk 16 of 18...
	 Processing Chunk 17 of 18...
	 Processing Chunk 18 of 18...
.	 Processing Chunk 1 of 18...
	 Processing Chunk 2 of 18...
	 Processing Chunk 3 of 18...
	 Processing Chunk 4 of 18...
	 Processing Chunk 5 of 18...
	 Processing Chunk 6 of 18...
	 Processing Chunk 7 of 18...
	 Processing Chunk 8 of 18...
	 Processing Chunk 9 of 18...
	 Processing Chunk 10 of 18...
	 Processing Chunk 11 of 18...
	 Processing Chunk 12 of 18...
	 Processing Chunk 13 of 18...
	 Processing Chunk 14 of 18...
	 Processing Chunk 15 of 18...
	 Processing Chunk 16 of 18...
	 Processing Chunk 17 of 18...
	 Processing Chunk 18 of 18...
.	 Processing Chunk 1 of 18...
	 Processing Chunk 2 of 18...
	 Processing Chunk 3 of 18...
	 Processing Chunk 4 of 18...
	 Processing Chunk 5 of 18...
	 Processing Chunk 6 of 18...
	 Processing Chunk 7 of 18...
	 Processing Chunk 8 of 18...
	 Processing Chunk 9 of 18...
	 Processing Chunk 10 of 18...
	 Processing Chunk 11 of 18...
	 Processing Chunk 12 of 18...
	 Processing Chunk 13 of 18...
	 Processing Chunk 14 of 18...
	 Processing Chunk 15 of 18...
	 Processing Chunk 16 of 18...
	 Processing Chunk 17 of 18...
	 Processing Chunk 18 of 18...
.	 Processing Chunk 1 of 18...
	 Processing Chunk 2 of 18...
	 Processing Chunk 3 of 18...
	 Processing Chunk 4 of 18...
	 Processing Chunk 5 of 18...
	 Processing Chunk 6 of 18...
	 Processing Chunk 7 of 18...
	 Processing Chunk 8 of 18...
	 Processing Chunk 9 of 18...
	 Processing Chunk 10 of 18...
	 Processing Chunk 11 of 18...
	 Processing Chunk 12 of 18...
	 Processing Chunk 13 of 18...
	 Processing Chunk 14 of 18...
	 Processing Chunk 15 of 18...
	 Processing Chunk 16 of 18...
	 Processing Chunk 17 of 18...
	 Processing Chunk 18 of 18...
.	 Processing Chunk 1 of 18...
	 Processing Chunk 2 of 18...
	 Processing Chunk 3 of 18...
	 Processing Chunk 4 of 18...
	 Processing Chunk 5 of 18...
	 Processing Chunk 6 of 18...
	 Processing Chunk 7 of 18...
	 Processing Chunk 8 of 18...
	 Processing Chunk 9 of 18...
	 Processing Chunk 10 of 18...
	 Processing Chunk 11 of 18...
	 Processing Chunk 12 of 18...
	 Processing Chunk 13 of 18...
	 Processing Chunk 14 of 18...
	 Processing Chunk 15 of 18...
	 Processing Chunk 16 of 18...
	 Processing Chunk 17 of 18...
	 Processing Chunk 18 of 18...
.	 Processing Chunk 1 of 18...
	 Processing Chunk 2 of 18...
	 Processing Chunk 3 of 18...
	 Processing Chunk 4 of 18...
	 Processing Chunk 5 of 18...
	 Processing Chunk 6 of 18...
	 Processing Chunk 7 of 18...
	 Processing Chunk 8 of 18...
	 Processing Chunk 9 of 18...
	 Processing Chunk 10 of 18...
	 Processing Chunk 11 of 18...
	 Processing Chunk 12 of 18...
	 Processing Chunk 13 of 18...
	 Processing Chunk 14 of 18...
	 Processing Chunk 15 of 18...
	 Processing Chunk 16 of 18...
	 Processing Chunk 17 of 18...
	 Processing Chunk 18 of 18...
.
Done StiffMa2_LNX_Vec162
__________

  TimeResult with properties:

            Name: 'StiffMa2_LNX_Vec162/StiffMa'
           Valid: 1
         Samples: [4x7 table]
    TestActivity: [8x12 table]

Totals:
   1 Valid, 0 Invalid.
   91.4426 seconds testing time.



Starting the performance measurement with the following parameters:
Number of finine elements: 164x164x164 (4410944)
Date type for 'elements': 'uint32'
Date type for 'nodes': 'double'
Problem type: 'Vector'
Processor type: 'GPU'

Running StiffMa2_LNX_Vec164
	Mesh created successfully with 4410944 Hex8 elements and 4492125 nodes!

The global stiffness matrix will be computed with 16 chunk(s).
Available memory on GPU before computations begin (MB): 16435.839
Processing the VECTOR problem with 164x164x164 elements
	 Processing Chunk 1 of 16...
	 Processing Chunk 2 of 16...
	 Processing Chunk 3 of 16...
	 Processing Chunk 4 of 16...
	 Processing Chunk 5 of 16...
	 Processing Chunk 6 of 16...
	 Processing Chunk 7 of 16...
	 Processing Chunk 8 of 16...
	 Processing Chunk 9 of 16...
	 Processing Chunk 10 of 16...
	 Processing Chunk 11 of 16...
	 Processing Chunk 12 of 16...
	 Processing Chunk 13 of 16...
	 Processing Chunk 14 of 16...
	 Processing Chunk 15 of 16...
	 Processing Chunk 16 of 16...
.	 Processing Chunk 1 of 16...
	 Processing Chunk 2 of 16...
	 Processing Chunk 3 of 16...
	 Processing Chunk 4 of 16...
	 Processing Chunk 5 of 16...
	 Processing Chunk 6 of 16...
	 Processing Chunk 7 of 16...
	 Processing Chunk 8 of 16...
	 Processing Chunk 9 of 16...
	 Processing Chunk 10 of 16...
	 Processing Chunk 11 of 16...
	 Processing Chunk 12 of 16...
	 Processing Chunk 13 of 16...
	 Processing Chunk 14 of 16...
	 Processing Chunk 15 of 16...
	 Processing Chunk 16 of 16...
.	 Processing Chunk 1 of 16...
	 Processing Chunk 2 of 16...
	 Processing Chunk 3 of 16...
	 Processing Chunk 4 of 16...
	 Processing Chunk 5 of 16...
	 Processing Chunk 6 of 16...
	 Processing Chunk 7 of 16...
	 Processing Chunk 8 of 16...
	 Processing Chunk 9 of 16...
	 Processing Chunk 10 of 16...
	 Processing Chunk 11 of 16...
	 Processing Chunk 12 of 16...
	 Processing Chunk 13 of 16...
	 Processing Chunk 14 of 16...
	 Processing Chunk 15 of 16...
	 Processing Chunk 16 of 16...
.	 Processing Chunk 1 of 16...
	 Processing Chunk 2 of 16...
	 Processing Chunk 3 of 16...
	 Processing Chunk 4 of 16...
	 Processing Chunk 5 of 16...
	 Processing Chunk 6 of 16...
	 Processing Chunk 7 of 16...
	 Processing Chunk 8 of 16...
	 Processing Chunk 9 of 16...
	 Processing Chunk 10 of 16...
	 Processing Chunk 11 of 16...
	 Processing Chunk 12 of 16...
	 Processing Chunk 13 of 16...
	 Processing Chunk 14 of 16...
	 Processing Chunk 15 of 16...
	 Processing Chunk 16 of 16...
.	 Processing Chunk 1 of 16...
	 Processing Chunk 2 of 16...
	 Processing Chunk 3 of 16...
	 Processing Chunk 4 of 16...
	 Processing Chunk 5 of 16...
	 Processing Chunk 6 of 16...
	 Processing Chunk 7 of 16...
	 Processing Chunk 8 of 16...
	 Processing Chunk 9 of 16...
	 Processing Chunk 10 of 16...
	 Processing Chunk 11 of 16...
	 Processing Chunk 12 of 16...
	 Processing Chunk 13 of 16...
	 Processing Chunk 14 of 16...
	 Processing Chunk 15 of 16...
	 Processing Chunk 16 of 16...
.	 Processing Chunk 1 of 16...
	 Processing Chunk 2 of 16...
	 Processing Chunk 3 of 16...
	 Processing Chunk 4 of 16...
	 Processing Chunk 5 of 16...
	 Processing Chunk 6 of 16...
	 Processing Chunk 7 of 16...
	 Processing Chunk 8 of 16...
	 Processing Chunk 9 of 16...
	 Processing Chunk 10 of 16...
	 Processing Chunk 11 of 16...
	 Processing Chunk 12 of 16...
	 Processing Chunk 13 of 16...
	 Processing Chunk 14 of 16...
	 Processing Chunk 15 of 16...
	 Processing Chunk 16 of 16...
.	 Processing Chunk 1 of 16...
	 Processing Chunk 2 of 16...
	 Processing Chunk 3 of 16...
	 Processing Chunk 4 of 16...
	 Processing Chunk 5 of 16...
	 Processing Chunk 6 of 16...
	 Processing Chunk 7 of 16...
	 Processing Chunk 8 of 16...
	 Processing Chunk 9 of 16...
	 Processing Chunk 10 of 16...
	 Processing Chunk 11 of 16...
	 Processing Chunk 12 of 16...
	 Processing Chunk 13 of 16...
	 Processing Chunk 14 of 16...
	 Processing Chunk 15 of 16...
	 Processing Chunk 16 of 16...
.	 Processing Chunk 1 of 16...
	 Processing Chunk 2 of 16...
	 Processing Chunk 3 of 16...
	 Processing Chunk 4 of 16...
	 Processing Chunk 5 of 16...
	 Processing Chunk 6 of 16...
	 Processing Chunk 7 of 16...
	 Processing Chunk 8 of 16...
	 Processing Chunk 9 of 16...
	 Processing Chunk 10 of 16...
	 Processing Chunk 11 of 16...
	 Processing Chunk 12 of 16...
	 Processing Chunk 13 of 16...
	 Processing Chunk 14 of 16...
	 Processing Chunk 15 of 16...
	 Processing Chunk 16 of 16...
.
Done StiffMa2_LNX_Vec164
__________

  TimeResult with properties:

            Name: 'StiffMa2_LNX_Vec164/StiffMa'
           Valid: 1
         Samples: [4x7 table]
    TestActivity: [8x12 table]

Totals:
   1 Valid, 0 Invalid.
   90.5958 seconds testing time.



Starting the performance measurement with the following parameters:
Number of finine elements: 166x166x166 (4574296)
Date type for 'elements': 'uint32'
Date type for 'nodes': 'double'
Problem type: 'Vector'
Processor type: 'GPU'

Running StiffMa2_LNX_Vec166
	Mesh created successfully with 4574296 Hex8 elements and 4657463 nodes!

The global stiffness matrix will be computed with 83 chunk(s).
Available memory on GPU before computations begin (MB): 16435.839
Processing the VECTOR problem with 166x166x166 elements
	 Processing Chunk 1 of 83...
	 Processing Chunk 2 of 83...
	 Processing Chunk 3 of 83...
	 Processing Chunk 4 of 83...
	 Processing Chunk 5 of 83...
	 Processing Chunk 6 of 83...
	 Processing Chunk 7 of 83...
	 Processing Chunk 8 of 83...
	 Processing Chunk 9 of 83...
	 Processing Chunk 10 of 83...
	 Processing Chunk 11 of 83...
	 Processing Chunk 12 of 83...
	 Processing Chunk 13 of 83...
	 Processing Chunk 14 of 83...
	 Processing Chunk 15 of 83...
	 Processing Chunk 16 of 83...
	 Processing Chunk 17 of 83...
	 Processing Chunk 18 of 83...
	 Processing Chunk 19 of 83...
	 Processing Chunk 20 of 83...
	 Processing Chunk 21 of 83...
	 Processing Chunk 22 of 83...
	 Processing Chunk 23 of 83...
	 Processing Chunk 24 of 83...
	 Processing Chunk 25 of 83...
	 Processing Chunk 26 of 83...
	 Processing Chunk 27 of 83...
	 Processing Chunk 28 of 83...
	 Processing Chunk 29 of 83...
	 Processing Chunk 30 of 83...
	 Processing Chunk 31 of 83...
	 Processing Chunk 32 of 83...
	 Processing Chunk 33 of 83...
	 Processing Chunk 34 of 83...
	 Processing Chunk 35 of 83...
	 Processing Chunk 36 of 83...
	 Processing Chunk 37 of 83...
	 Processing Chunk 38 of 83...
	 Processing Chunk 39 of 83...
	 Processing Chunk 40 of 83...
	 Processing Chunk 41 of 83...
	 Processing Chunk 42 of 83...
	 Processing Chunk 43 of 83...
	 Processing Chunk 44 of 83...
	 Processing Chunk 45 of 83...
	 Processing Chunk 46 of 83...
	 Processing Chunk 47 of 83...
	 Processing Chunk 48 of 83...
	 Processing Chunk 49 of 83...
	 Processing Chunk 50 of 83...
	 Processing Chunk 51 of 83...
	 Processing Chunk 52 of 83...
	 Processing Chunk 53 of 83...
	 Processing Chunk 54 of 83...
	 Processing Chunk 55 of 83...
	 Processing Chunk 56 of 83...
	 Processing Chunk 57 of 83...
	 Processing Chunk 58 of 83...
	 Processing Chunk 59 of 83...
	 Processing Chunk 60 of 83...
	 Processing Chunk 61 of 83...
	 Processing Chunk 62 of 83...
	 Processing Chunk 63 of 83...
	 Processing Chunk 64 of 83...
	 Processing Chunk 65 of 83...
	 Processing Chunk 66 of 83...
	 Processing Chunk 67 of 83...
	 Processing Chunk 68 of 83...
	 Processing Chunk 69 of 83...
	 Processing Chunk 70 of 83...
	 Processing Chunk 71 of 83...
	 Processing Chunk 72 of 83...
	 Processing Chunk 73 of 83...
	 Processing Chunk 74 of 83...
	 Processing Chunk 75 of 83...
	 Processing Chunk 76 of 83...
	 Processing Chunk 77 of 83...
	 Processing Chunk 78 of 83...
	 Processing Chunk 79 of 83...
	 Processing Chunk 80 of 83...
	 Processing Chunk 81 of 83...
	 Processing Chunk 82 of 83...
	 Processing Chunk 83 of 83...
.	 Processing Chunk 1 of 83...
	 Processing Chunk 2 of 83...
	 Processing Chunk 3 of 83...
	 Processing Chunk 4 of 83...
	 Processing Chunk 5 of 83...
	 Processing Chunk 6 of 83...
	 Processing Chunk 7 of 83...
	 Processing Chunk 8 of 83...
	 Processing Chunk 9 of 83...
	 Processing Chunk 10 of 83...
	 Processing Chunk 11 of 83...
	 Processing Chunk 12 of 83...
	 Processing Chunk 13 of 83...
	 Processing Chunk 14 of 83...
	 Processing Chunk 15 of 83...
	 Processing Chunk 16 of 83...
	 Processing Chunk 17 of 83...
	 Processing Chunk 18 of 83...
	 Processing Chunk 19 of 83...
	 Processing Chunk 20 of 83...
	 Processing Chunk 21 of 83...
	 Processing Chunk 22 of 83...
	 Processing Chunk 23 of 83...
	 Processing Chunk 24 of 83...
	 Processing Chunk 25 of 83...
	 Processing Chunk 26 of 83...
	 Processing Chunk 27 of 83...
	 Processing Chunk 28 of 83...
	 Processing Chunk 29 of 83...
	 Processing Chunk 30 of 83...
	 Processing Chunk 31 of 83...
	 Processing Chunk 32 of 83...
	 Processing Chunk 33 of 83...
	 Processing Chunk 34 of 83...
	 Processing Chunk 35 of 83...
	 Processing Chunk 36 of 83...
	 Processing Chunk 37 of 83...
	 Processing Chunk 38 of 83...
	 Processing Chunk 39 of 83...
	 Processing Chunk 40 of 83...
	 Processing Chunk 41 of 83...
	 Processing Chunk 42 of 83...
	 Processing Chunk 43 of 83...
	 Processing Chunk 44 of 83...
	 Processing Chunk 45 of 83...
	 Processing Chunk 46 of 83...
	 Processing Chunk 47 of 83...
	 Processing Chunk 48 of 83...
	 Processing Chunk 49 of 83...
	 Processing Chunk 50 of 83...
	 Processing Chunk 51 of 83...
	 Processing Chunk 52 of 83...
	 Processing Chunk 53 of 83...
	 Processing Chunk 54 of 83...
	 Processing Chunk 55 of 83...
	 Processing Chunk 56 of 83...
	 Processing Chunk 57 of 83...
	 Processing Chunk 58 of 83...
	 Processing Chunk 59 of 83...
	 Processing Chunk 60 of 83...
	 Processing Chunk 61 of 83...
	 Processing Chunk 62 of 83...
	 Processing Chunk 63 of 83...
	 Processing Chunk 64 of 83...
	 Processing Chunk 65 of 83...
	 Processing Chunk 66 of 83...
	 Processing Chunk 67 of 83...
	 Processing Chunk 68 of 83...
	 Processing Chunk 69 of 83...
	 Processing Chunk 70 of 83...
	 Processing Chunk 71 of 83...
	 Processing Chunk 72 of 83...
	 Processing Chunk 73 of 83...
	 Processing Chunk 74 of 83...
	 Processing Chunk 75 of 83...
	 Processing Chunk 76 of 83...
	 Processing Chunk 77 of 83...
	 Processing Chunk 78 of 83...
	 Processing Chunk 79 of 83...
	 Processing Chunk 80 of 83...
	 Processing Chunk 81 of 83...
	 Processing Chunk 82 of 83...
	 Processing Chunk 83 of 83...
.	 Processing Chunk 1 of 83...
	 Processing Chunk 2 of 83...
	 Processing Chunk 3 of 83...
	 Processing Chunk 4 of 83...
	 Processing Chunk 5 of 83...
	 Processing Chunk 6 of 83...
	 Processing Chunk 7 of 83...
	 Processing Chunk 8 of 83...
	 Processing Chunk 9 of 83...
	 Processing Chunk 10 of 83...
	 Processing Chunk 11 of 83...
	 Processing Chunk 12 of 83...
	 Processing Chunk 13 of 83...
	 Processing Chunk 14 of 83...
	 Processing Chunk 15 of 83...
	 Processing Chunk 16 of 83...
	 Processing Chunk 17 of 83...
	 Processing Chunk 18 of 83...
	 Processing Chunk 19 of 83...
	 Processing Chunk 20 of 83...
	 Processing Chunk 21 of 83...
	 Processing Chunk 22 of 83...
	 Processing Chunk 23 of 83...
	 Processing Chunk 24 of 83...
	 Processing Chunk 25 of 83...
	 Processing Chunk 26 of 83...
	 Processing Chunk 27 of 83...
	 Processing Chunk 28 of 83...
	 Processing Chunk 29 of 83...
	 Processing Chunk 30 of 83...
	 Processing Chunk 31 of 83...
	 Processing Chunk 32 of 83...
	 Processing Chunk 33 of 83...
	 Processing Chunk 34 of 83...
	 Processing Chunk 35 of 83...
	 Processing Chunk 36 of 83...
	 Processing Chunk 37 of 83...
	 Processing Chunk 38 of 83...
	 Processing Chunk 39 of 83...
	 Processing Chunk 40 of 83...
	 Processing Chunk 41 of 83...
	 Processing Chunk 42 of 83...
	 Processing Chunk 43 of 83...
	 Processing Chunk 44 of 83...
	 Processing Chunk 45 of 83...
	 Processing Chunk 46 of 83...
	 Processing Chunk 47 of 83...
	 Processing Chunk 48 of 83...
	 Processing Chunk 49 of 83...
	 Processing Chunk 50 of 83...
	 Processing Chunk 51 of 83...
	 Processing Chunk 52 of 83...
	 Processing Chunk 53 of 83...
	 Processing Chunk 54 of 83...
	 Processing Chunk 55 of 83...
	 Processing Chunk 56 of 83...
	 Processing Chunk 57 of 83...
	 Processing Chunk 58 of 83...
	 Processing Chunk 59 of 83...
	 Processing Chunk 60 of 83...
	 Processing Chunk 61 of 83...
	 Processing Chunk 62 of 83...
	 Processing Chunk 63 of 83...
	 Processing Chunk 64 of 83...
	 Processing Chunk 65 of 83...
	 Processing Chunk 66 of 83...
	 Processing Chunk 67 of 83...
	 Processing Chunk 68 of 83...
	 Processing Chunk 69 of 83...
	 Processing Chunk 70 of 83...
	 Processing Chunk 71 of 83...
	 Processing Chunk 72 of 83...
	 Processing Chunk 73 of 83...
	 Processing Chunk 74 of 83...
	 Processing Chunk 75 of 83...
	 Processing Chunk 76 of 83...
	 Processing Chunk 77 of 83...
	 Processing Chunk 78 of 83...
	 Processing Chunk 79 of 83...
	 Processing Chunk 80 of 83...
	 Processing Chunk 81 of 83...
	 Processing Chunk 82 of 83...
	 Processing Chunk 83 of 83...
.	 Processing Chunk 1 of 83...
	 Processing Chunk 2 of 83...
	 Processing Chunk 3 of 83...
	 Processing Chunk 4 of 83...
	 Processing Chunk 5 of 83...
	 Processing Chunk 6 of 83...
	 Processing Chunk 7 of 83...
	 Processing Chunk 8 of 83...
	 Processing Chunk 9 of 83...
	 Processing Chunk 10 of 83...
	 Processing Chunk 11 of 83...
	 Processing Chunk 12 of 83...
	 Processing Chunk 13 of 83...
	 Processing Chunk 14 of 83...
	 Processing Chunk 15 of 83...
	 Processing Chunk 16 of 83...
	 Processing Chunk 17 of 83...
	 Processing Chunk 18 of 83...
	 Processing Chunk 19 of 83...
	 Processing Chunk 20 of 83...
	 Processing Chunk 21 of 83...
	 Processing Chunk 22 of 83...
	 Processing Chunk 23 of 83...
	 Processing Chunk 24 of 83...
	 Processing Chunk 25 of 83...
	 Processing Chunk 26 of 83...
	 Processing Chunk 27 of 83...
	 Processing Chunk 28 of 83...
	 Processing Chunk 29 of 83...
	 Processing Chunk 30 of 83...
	 Processing Chunk 31 of 83...
	 Processing Chunk 32 of 83...
	 Processing Chunk 33 of 83...
	 Processing Chunk 34 of 83...
	 Processing Chunk 35 of 83...
	 Processing Chunk 36 of 83...
	 Processing Chunk 37 of 83...
	 Processing Chunk 38 of 83...
	 Processing Chunk 39 of 83...
	 Processing Chunk 40 of 83...
	 Processing Chunk 41 of 83...
	 Processing Chunk 42 of 83...
	 Processing Chunk 43 of 83...
	 Processing Chunk 44 of 83...
	 Processing Chunk 45 of 83...
	 Processing Chunk 46 of 83...
	 Processing Chunk 47 of 83...
	 Processing Chunk 48 of 83...
	 Processing Chunk 49 of 83...
	 Processing Chunk 50 of 83...
	 Processing Chunk 51 of 83...
	 Processing Chunk 52 of 83...
	 Processing Chunk 53 of 83...
	 Processing Chunk 54 of 83...
	 Processing Chunk 55 of 83...
	 Processing Chunk 56 of 83...
	 Processing Chunk 57 of 83...
	 Processing Chunk 58 of 83...
	 Processing Chunk 59 of 83...
	 Processing Chunk 60 of 83...
	 Processing Chunk 61 of 83...
	 Processing Chunk 62 of 83...
	 Processing Chunk 63 of 83...
	 Processing Chunk 64 of 83...
	 Processing Chunk 65 of 83...
	 Processing Chunk 66 of 83...
	 Processing Chunk 67 of 83...
	 Processing Chunk 68 of 83...
	 Processing Chunk 69 of 83...
	 Processing Chunk 70 of 83...
	 Processing Chunk 71 of 83...
	 Processing Chunk 72 of 83...
	 Processing Chunk 73 of 83...
	 Processing Chunk 74 of 83...
	 Processing Chunk 75 of 83...
	 Processing Chunk 76 of 83...
	 Processing Chunk 77 of 83...
	 Processing Chunk 78 of 83...
	 Processing Chunk 79 of 83...
	 Processing Chunk 80 of 83...
	 Processing Chunk 81 of 83...
	 Processing Chunk 82 of 83...
	 Processing Chunk 83 of 83...
.	 Processing Chunk 1 of 83...
	 Processing Chunk 2 of 83...
	 Processing Chunk 3 of 83...
	 Processing Chunk 4 of 83...
	 Processing Chunk 5 of 83...
	 Processing Chunk 6 of 83...
	 Processing Chunk 7 of 83...
	 Processing Chunk 8 of 83...
	 Processing Chunk 9 of 83...
	 Processing Chunk 10 of 83...
	 Processing Chunk 11 of 83...
	 Processing Chunk 12 of 83...
	 Processing Chunk 13 of 83...
	 Processing Chunk 14 of 83...
	 Processing Chunk 15 of 83...
	 Processing Chunk 16 of 83...
	 Processing Chunk 17 of 83...
	 Processing Chunk 18 of 83...
	 Processing Chunk 19 of 83...
	 Processing Chunk 20 of 83...
	 Processing Chunk 21 of 83...
	 Processing Chunk 22 of 83...
	 Processing Chunk 23 of 83...
	 Processing Chunk 24 of 83...
	 Processing Chunk 25 of 83...
	 Processing Chunk 26 of 83...
	 Processing Chunk 27 of 83...
	 Processing Chunk 28 of 83...
	 Processing Chunk 29 of 83...
	 Processing Chunk 30 of 83...
	 Processing Chunk 31 of 83...
	 Processing Chunk 32 of 83...
	 Processing Chunk 33 of 83...
	 Processing Chunk 34 of 83...
	 Processing Chunk 35 of 83...
	 Processing Chunk 36 of 83...
	 Processing Chunk 37 of 83...
	 Processing Chunk 38 of 83...
	 Processing Chunk 39 of 83...
	 Processing Chunk 40 of 83...
	 Processing Chunk 41 of 83...
	 Processing Chunk 42 of 83...
	 Processing Chunk 43 of 83...
	 Processing Chunk 44 of 83...
	 Processing Chunk 45 of 83...
	 Processing Chunk 46 of 83...
	 Processing Chunk 47 of 83...
	 Processing Chunk 48 of 83...
	 Processing Chunk 49 of 83...
	 Processing Chunk 50 of 83...
	 Processing Chunk 51 of 83...
	 Processing Chunk 52 of 83...
	 Processing Chunk 53 of 83...
	 Processing Chunk 54 of 83...
	 Processing Chunk 55 of 83...
	 Processing Chunk 56 of 83...
	 Processing Chunk 57 of 83...
	 Processing Chunk 58 of 83...
	 Processing Chunk 59 of 83...
	 Processing Chunk 60 of 83...
	 Processing Chunk 61 of 83...
	 Processing Chunk 62 of 83...
	 Processing Chunk 63 of 83...
	 Processing Chunk 64 of 83...
	 Processing Chunk 65 of 83...
	 Processing Chunk 66 of 83...
	 Processing Chunk 67 of 83...
	 Processing Chunk 68 of 83...
	 Processing Chunk 69 of 83...
	 Processing Chunk 70 of 83...
	 Processing Chunk 71 of 83...
	 Processing Chunk 72 of 83...
	 Processing Chunk 73 of 83...
	 Processing Chunk 74 of 83...
	 Processing Chunk 75 of 83...
	 Processing Chunk 76 of 83...
	 Processing Chunk 77 of 83...
	 Processing Chunk 78 of 83...
	 Processing Chunk 79 of 83...
	 Processing Chunk 80 of 83...
	 Processing Chunk 81 of 83...
	 Processing Chunk 82 of 83...
	 Processing Chunk 83 of 83...
.	 Processing Chunk 1 of 83...
	 Processing Chunk 2 of 83...
	 Processing Chunk 3 of 83...
	 Processing Chunk 4 of 83...
	 Processing Chunk 5 of 83...
	 Processing Chunk 6 of 83...
	 Processing Chunk 7 of 83...
	 Processing Chunk 8 of 83...
	 Processing Chunk 9 of 83...
	 Processing Chunk 10 of 83...
	 Processing Chunk 11 of 83...
	 Processing Chunk 12 of 83...
	 Processing Chunk 13 of 83...
	 Processing Chunk 14 of 83...
	 Processing Chunk 15 of 83...
	 Processing Chunk 16 of 83...
	 Processing Chunk 17 of 83...
	 Processing Chunk 18 of 83...
	 Processing Chunk 19 of 83...
	 Processing Chunk 20 of 83...
	 Processing Chunk 21 of 83...
	 Processing Chunk 22 of 83...
	 Processing Chunk 23 of 83...
	 Processing Chunk 24 of 83...
	 Processing Chunk 25 of 83...
	 Processing Chunk 26 of 83...
	 Processing Chunk 27 of 83...
	 Processing Chunk 28 of 83...
	 Processing Chunk 29 of 83...
	 Processing Chunk 30 of 83...
	 Processing Chunk 31 of 83...
	 Processing Chunk 32 of 83...
	 Processing Chunk 33 of 83...
	 Processing Chunk 34 of 83...
	 Processing Chunk 35 of 83...
	 Processing Chunk 36 of 83...
	 Processing Chunk 37 of 83...
	 Processing Chunk 38 of 83...
	 Processing Chunk 39 of 83...
	 Processing Chunk 40 of 83...
	 Processing Chunk 41 of 83...
	 Processing Chunk 42 of 83...
	 Processing Chunk 43 of 83...
	 Processing Chunk 44 of 83...
	 Processing Chunk 45 of 83...
	 Processing Chunk 46 of 83...
	 Processing Chunk 47 of 83...
	 Processing Chunk 48 of 83...
	 Processing Chunk 49 of 83...
	 Processing Chunk 50 of 83...
	 Processing Chunk 51 of 83...
	 Processing Chunk 52 of 83...
	 Processing Chunk 53 of 83...
	 Processing Chunk 54 of 83...
	 Processing Chunk 55 of 83...
	 Processing Chunk 56 of 83...
	 Processing Chunk 57 of 83...
	 Processing Chunk 58 of 83...
	 Processing Chunk 59 of 83...
	 Processing Chunk 60 of 83...
	 Processing Chunk 61 of 83...
	 Processing Chunk 62 of 83...
	 Processing Chunk 63 of 83...
	 Processing Chunk 64 of 83...
	 Processing Chunk 65 of 83...
	 Processing Chunk 66 of 83...
	 Processing Chunk 67 of 83...
	 Processing Chunk 68 of 83...
	 Processing Chunk 69 of 83...
	 Processing Chunk 70 of 83...
	 Processing Chunk 71 of 83...
	 Processing Chunk 72 of 83...
	 Processing Chunk 73 of 83...
	 Processing Chunk 74 of 83...
	 Processing Chunk 75 of 83...
	 Processing Chunk 76 of 83...
	 Processing Chunk 77 of 83...
	 Processing Chunk 78 of 83...
	 Processing Chunk 79 of 83...
	 Processing Chunk 80 of 83...
	 Processing Chunk 81 of 83...
	 Processing Chunk 82 of 83...
	 Processing Chunk 83 of 83...
.	 Processing Chunk 1 of 83...
	 Processing Chunk 2 of 83...
	 Processing Chunk 3 of 83...
	 Processing Chunk 4 of 83...
	 Processing Chunk 5 of 83...
	 Processing Chunk 6 of 83...
	 Processing Chunk 7 of 83...
	 Processing Chunk 8 of 83...
	 Processing Chunk 9 of 83...
	 Processing Chunk 10 of 83...
	 Processing Chunk 11 of 83...
	 Processing Chunk 12 of 83...
	 Processing Chunk 13 of 83...
	 Processing Chunk 14 of 83...
	 Processing Chunk 15 of 83...
	 Processing Chunk 16 of 83...
	 Processing Chunk 17 of 83...
	 Processing Chunk 18 of 83...
	 Processing Chunk 19 of 83...
	 Processing Chunk 20 of 83...
	 Processing Chunk 21 of 83...
	 Processing Chunk 22 of 83...
	 Processing Chunk 23 of 83...
	 Processing Chunk 24 of 83...
	 Processing Chunk 25 of 83...
	 Processing Chunk 26 of 83...
	 Processing Chunk 27 of 83...
	 Processing Chunk 28 of 83...
	 Processing Chunk 29 of 83...
	 Processing Chunk 30 of 83...
	 Processing Chunk 31 of 83...
	 Processing Chunk 32 of 83...
	 Processing Chunk 33 of 83...
	 Processing Chunk 34 of 83...
	 Processing Chunk 35 of 83...
	 Processing Chunk 36 of 83...
	 Processing Chunk 37 of 83...
	 Processing Chunk 38 of 83...
	 Processing Chunk 39 of 83...
	 Processing Chunk 40 of 83...
	 Processing Chunk 41 of 83...
	 Processing Chunk 42 of 83...
	 Processing Chunk 43 of 83...
	 Processing Chunk 44 of 83...
	 Processing Chunk 45 of 83...
	 Processing Chunk 46 of 83...
	 Processing Chunk 47 of 83...
	 Processing Chunk 48 of 83...
	 Processing Chunk 49 of 83...
	 Processing Chunk 50 of 83...
	 Processing Chunk 51 of 83...
	 Processing Chunk 52 of 83...
	 Processing Chunk 53 of 83...
	 Processing Chunk 54 of 83...
	 Processing Chunk 55 of 83...
	 Processing Chunk 56 of 83...
	 Processing Chunk 57 of 83...
	 Processing Chunk 58 of 83...
	 Processing Chunk 59 of 83...
	 Processing Chunk 60 of 83...
	 Processing Chunk 61 of 83...
	 Processing Chunk 62 of 83...
	 Processing Chunk 63 of 83...
	 Processing Chunk 64 of 83...
	 Processing Chunk 65 of 83...
	 Processing Chunk 66 of 83...
	 Processing Chunk 67 of 83...
	 Processing Chunk 68 of 83...
	 Processing Chunk 69 of 83...
	 Processing Chunk 70 of 83...
	 Processing Chunk 71 of 83...
	 Processing Chunk 72 of 83...
	 Processing Chunk 73 of 83...
	 Processing Chunk 74 of 83...
	 Processing Chunk 75 of 83...
	 Processing Chunk 76 of 83...
	 Processing Chunk 77 of 83...
	 Processing Chunk 78 of 83...
	 Processing Chunk 79 of 83...
	 Processing Chunk 80 of 83...
	 Processing Chunk 81 of 83...
	 Processing Chunk 82 of 83...
	 Processing Chunk 83 of 83...
.	 Processing Chunk 1 of 83...
	 Processing Chunk 2 of 83...
	 Processing Chunk 3 of 83...
	 Processing Chunk 4 of 83...
	 Processing Chunk 5 of 83...
	 Processing Chunk 6 of 83...
	 Processing Chunk 7 of 83...
	 Processing Chunk 8 of 83...
	 Processing Chunk 9 of 83...
	 Processing Chunk 10 of 83...
	 Processing Chunk 11 of 83...
	 Processing Chunk 12 of 83...
	 Processing Chunk 13 of 83...
	 Processing Chunk 14 of 83...
	 Processing Chunk 15 of 83...
	 Processing Chunk 16 of 83...
	 Processing Chunk 17 of 83...
	 Processing Chunk 18 of 83...
	 Processing Chunk 19 of 83...
	 Processing Chunk 20 of 83...
	 Processing Chunk 21 of 83...
	 Processing Chunk 22 of 83...
	 Processing Chunk 23 of 83...
	 Processing Chunk 24 of 83...
	 Processing Chunk 25 of 83...
	 Processing Chunk 26 of 83...
	 Processing Chunk 27 of 83...
	 Processing Chunk 28 of 83...
	 Processing Chunk 29 of 83...
	 Processing Chunk 30 of 83...
	 Processing Chunk 31 of 83...
	 Processing Chunk 32 of 83...
	 Processing Chunk 33 of 83...
	 Processing Chunk 34 of 83...
	 Processing Chunk 35 of 83...
	 Processing Chunk 36 of 83...
	 Processing Chunk 37 of 83...
	 Processing Chunk 38 of 83...
	 Processing Chunk 39 of 83...
	 Processing Chunk 40 of 83...
	 Processing Chunk 41 of 83...
	 Processing Chunk 42 of 83...
	 Processing Chunk 43 of 83...
	 Processing Chunk 44 of 83...
	 Processing Chunk 45 of 83...
	 Processing Chunk 46 of 83...
	 Processing Chunk 47 of 83...
	 Processing Chunk 48 of 83...
	 Processing Chunk 49 of 83...
	 Processing Chunk 50 of 83...
	 Processing Chunk 51 of 83...
	 Processing Chunk 52 of 83...
	 Processing Chunk 53 of 83...
	 Processing Chunk 54 of 83...
	 Processing Chunk 55 of 83...
	 Processing Chunk 56 of 83...
	 Processing Chunk 57 of 83...
	 Processing Chunk 58 of 83...
	 Processing Chunk 59 of 83...
	 Processing Chunk 60 of 83...
	 Processing Chunk 61 of 83...
	 Processing Chunk 62 of 83...
	 Processing Chunk 63 of 83...
	 Processing Chunk 64 of 83...
	 Processing Chunk 65 of 83...
	 Processing Chunk 66 of 83...
	 Processing Chunk 67 of 83...
	 Processing Chunk 68 of 83...
	 Processing Chunk 69 of 83...
	 Processing Chunk 70 of 83...
	 Processing Chunk 71 of 83...
	 Processing Chunk 72 of 83...
	 Processing Chunk 73 of 83...
	 Processing Chunk 74 of 83...
	 Processing Chunk 75 of 83...
	 Processing Chunk 76 of 83...
	 Processing Chunk 77 of 83...
	 Processing Chunk 78 of 83...
	 Processing Chunk 79 of 83...
	 Processing Chunk 80 of 83...
	 Processing Chunk 81 of 83...
	 Processing Chunk 82 of 83...
	 Processing Chunk 83 of 83...
.
Done StiffMa2_LNX_Vec166
__________

  TimeResult with properties:

            Name: 'StiffMa2_LNX_Vec166/StiffMa'
           Valid: 1
         Samples: [4x7 table]
    TestActivity: [8x12 table]

Totals:
   1 Valid, 0 Invalid.
   270.6162 seconds testing time.



Starting the performance measurement with the following parameters:
Number of finine elements: 168x168x168 (4741632)
Date type for 'elements': 'uint32'
Date type for 'nodes': 'double'
Problem type: 'Vector'
Processor type: 'GPU'

Running StiffMa2_LNX_Vec168
	Mesh created successfully with 4741632 Hex8 elements and 4826809 nodes!


================================================================================
Error occurred while setting up or tearing down StiffMa2_LNX_Vec168.
As a result, all StiffMa2_LNX_Vec168 tests failed and did not run to completion.
    ---------
    Error ID:
    ---------
    ''
    --------------
    Error Details:
    --------------
    Error using StiffMa2_LNX_Vec168 (line 45)
    No enough memory on the GPU to process the mesh.
================================================================================

Done StiffMa2_LNX_Vec168
__________

Failure Summary:

     Name                         Failed  Incomplete  Reason(s)
    ============================================================
     StiffMa2_LNX_Vec168/StiffMa    X         X       Errored.
  TimeResult with properties:

            Name: 'StiffMa2_LNX_Vec168/StiffMa'
           Valid: 0
         Samples: [0x7 table]
    TestActivity: [1x12 table]

Totals:
   0 Valid, 1 Invalid.
   1.2701 seconds testing time.



Starting the performance measurement with the following parameters:
Number of finine elements: 170x170x170 (4913000)
Date type for 'elements': 'uint32'
Date type for 'nodes': 'double'
Problem type: 'Vector'
Processor type: 'GPU'

Running StiffMa2_LNX_Vec170
	Mesh created successfully with 4913000 Hex8 elements and 5000211 nodes!


================================================================================
Error occurred while setting up or tearing down StiffMa2_LNX_Vec170.
As a result, all StiffMa2_LNX_Vec170 tests failed and did not run to completion.
    ---------
    Error ID:
    ---------
    ''
    --------------
    Error Details:
    --------------
    Error using StiffMa2_LNX_Vec170 (line 45)
    No enough memory on the GPU to process the mesh.
================================================================================

Done StiffMa2_LNX_Vec170
__________

Failure Summary:

     Name                         Failed  Incomplete  Reason(s)
    ============================================================
     StiffMa2_LNX_Vec170/StiffMa    X         X       Errored.
  TimeResult with properties:

            Name: 'StiffMa2_LNX_Vec170/StiffMa'
           Valid: 0
         Samples: [0x7 table]
    TestActivity: [1x12 table]

Totals:
   0 Valid, 1 Invalid.
   1.2527 seconds testing time.



A total of 6 time experiments was executed!
Date and time at the beginning of the process: 	23-May-2020 12:52:33 
Date and time at the end of the process: 	23-May-2020 13:01:48


ans =

  6x7 table

               Name                SampleSize     Mean     StandardDeviation     Min      Median     Max  
    ___________________________    __________    ______    _________________    ______    ______    ______

    StiffMa2_LNX_Vec160/StiffMa        4         10.405        0.087572         10.289    10.422    10.486
    StiffMa2_LNX_Vec162/StiffMa        4         11.333        0.035072         11.295    11.332    11.375
    StiffMa2_LNX_Vec164/StiffMa        4         11.164        0.035936         11.118    11.166    11.206
    StiffMa2_LNX_Vec166/StiffMa        4         33.627        0.069128         33.528    33.649     33.68
    StiffMa2_LNX_Vec168/StiffMa        0            NaN             NaN            NaN       NaN       NaN
    StiffMa2_LNX_Vec170/StiffMa        0            NaN             NaN            NaN       NaN       NaN

