[Warning: Directory already exists.] 
[> In runStiffMaTest2 (line 28)] 


Starting the performance measurement with the following parameters:
Number of finine elements: 148x148x148 (3241792)
Date type for 'elements': 'uint32'
Date type for 'nodes': 'double'
Problem type: 'Vector'
Processor type: 'GPU'

Running StiffMa2_LNX_Vec148
	Mesh created successfully with 3241792 Hex8 elements and 3307949 nodes!

The global stiffness matrix will be computed with 8 chunk(s).
Available memory on GPU before computations begin (MB): 16435.839
Processing the VECTOR problem with 148x148x148 elements
	 Processing Chunk 1 of 8...
	 Processing Chunk 2 of 8...
	 Processing Chunk 3 of 8...
	 Processing Chunk 4 of 8...
	 Processing Chunk 5 of 8...
	 Processing Chunk 6 of 8...
	 Processing Chunk 7 of 8...
	 Processing Chunk 8 of 8...
.	 Processing Chunk 1 of 8...
	 Processing Chunk 2 of 8...
	 Processing Chunk 3 of 8...
	 Processing Chunk 4 of 8...
	 Processing Chunk 5 of 8...
	 Processing Chunk 6 of 8...
	 Processing Chunk 7 of 8...
	 Processing Chunk 8 of 8...
.	 Processing Chunk 1 of 8...
	 Processing Chunk 2 of 8...
	 Processing Chunk 3 of 8...
	 Processing Chunk 4 of 8...
	 Processing Chunk 5 of 8...
	 Processing Chunk 6 of 8...
	 Processing Chunk 7 of 8...
	 Processing Chunk 8 of 8...
.	 Processing Chunk 1 of 8...
	 Processing Chunk 2 of 8...
	 Processing Chunk 3 of 8...
	 Processing Chunk 4 of 8...
	 Processing Chunk 5 of 8...
	 Processing Chunk 6 of 8...
	 Processing Chunk 7 of 8...
	 Processing Chunk 8 of 8...
.	 Processing Chunk 1 of 8...
	 Processing Chunk 2 of 8...
	 Processing Chunk 3 of 8...
	 Processing Chunk 4 of 8...
	 Processing Chunk 5 of 8...
	 Processing Chunk 6 of 8...
	 Processing Chunk 7 of 8...
	 Processing Chunk 8 of 8...
.	 Processing Chunk 1 of 8...
	 Processing Chunk 2 of 8...
	 Processing Chunk 3 of 8...
	 Processing Chunk 4 of 8...
	 Processing Chunk 5 of 8...
	 Processing Chunk 6 of 8...
	 Processing Chunk 7 of 8...
	 Processing Chunk 8 of 8...
.	 Processing Chunk 1 of 8...
	 Processing Chunk 2 of 8...
	 Processing Chunk 3 of 8...
	 Processing Chunk 4 of 8...
	 Processing Chunk 5 of 8...
	 Processing Chunk 6 of 8...
	 Processing Chunk 7 of 8...
	 Processing Chunk 8 of 8...
.	 Processing Chunk 1 of 8...
	 Processing Chunk 2 of 8...
	 Processing Chunk 3 of 8...
	 Processing Chunk 4 of 8...
	 Processing Chunk 5 of 8...
	 Processing Chunk 6 of 8...
	 Processing Chunk 7 of 8...
	 Processing Chunk 8 of 8...
.
Done StiffMa2_LNX_Vec148
__________

  TimeResult with properties:

            Name: 'StiffMa2_LNX_Vec148/StiffMa'
           Valid: 1
         Samples: [4x7 table]
    TestActivity: [8x12 table]

Totals:
   1 Valid, 0 Invalid.
   51.7314 seconds testing time.



Starting the performance measurement with the following parameters:
Number of finine elements: 150x150x150 (3375000)
Date type for 'elements': 'uint32'
Date type for 'nodes': 'double'
Problem type: 'Vector'
Processor type: 'GPU'

Running StiffMa2_LNX_Vec150
	Mesh created successfully with 3375000 Hex8 elements and 3442951 nodes!

The global stiffness matrix will be computed with 8 chunk(s).
Available memory on GPU before computations begin (MB): 16435.839
Processing the VECTOR problem with 150x150x150 elements
	 Processing Chunk 1 of 8...
	 Processing Chunk 2 of 8...
	 Processing Chunk 3 of 8...
	 Processing Chunk 4 of 8...
	 Processing Chunk 5 of 8...
	 Processing Chunk 6 of 8...
	 Processing Chunk 7 of 8...
	 Processing Chunk 8 of 8...
.	 Processing Chunk 1 of 8...
	 Processing Chunk 2 of 8...
	 Processing Chunk 3 of 8...
	 Processing Chunk 4 of 8...
	 Processing Chunk 5 of 8...
	 Processing Chunk 6 of 8...
	 Processing Chunk 7 of 8...
	 Processing Chunk 8 of 8...
.	 Processing Chunk 1 of 8...
	 Processing Chunk 2 of 8...
	 Processing Chunk 3 of 8...
	 Processing Chunk 4 of 8...
	 Processing Chunk 5 of 8...
	 Processing Chunk 6 of 8...
	 Processing Chunk 7 of 8...
	 Processing Chunk 8 of 8...
.	 Processing Chunk 1 of 8...
	 Processing Chunk 2 of 8...
	 Processing Chunk 3 of 8...
	 Processing Chunk 4 of 8...
	 Processing Chunk 5 of 8...
	 Processing Chunk 6 of 8...
	 Processing Chunk 7 of 8...
	 Processing Chunk 8 of 8...
.	 Processing Chunk 1 of 8...
	 Processing Chunk 2 of 8...
	 Processing Chunk 3 of 8...
	 Processing Chunk 4 of 8...
	 Processing Chunk 5 of 8...
	 Processing Chunk 6 of 8...
	 Processing Chunk 7 of 8...
	 Processing Chunk 8 of 8...
.	 Processing Chunk 1 of 8...
	 Processing Chunk 2 of 8...
	 Processing Chunk 3 of 8...
	 Processing Chunk 4 of 8...
	 Processing Chunk 5 of 8...
	 Processing Chunk 6 of 8...
	 Processing Chunk 7 of 8...
	 Processing Chunk 8 of 8...
.	 Processing Chunk 1 of 8...
	 Processing Chunk 2 of 8...
	 Processing Chunk 3 of 8...
	 Processing Chunk 4 of 8...
	 Processing Chunk 5 of 8...
	 Processing Chunk 6 of 8...
	 Processing Chunk 7 of 8...
	 Processing Chunk 8 of 8...
.	 Processing Chunk 1 of 8...
	 Processing Chunk 2 of 8...
	 Processing Chunk 3 of 8...
	 Processing Chunk 4 of 8...
	 Processing Chunk 5 of 8...
	 Processing Chunk 6 of 8...
	 Processing Chunk 7 of 8...
	 Processing Chunk 8 of 8...
.
Done StiffMa2_LNX_Vec150
__________

  TimeResult with properties:

            Name: 'StiffMa2_LNX_Vec150/StiffMa'
           Valid: 1
         Samples: [4x7 table]
    TestActivity: [8x12 table]

Totals:
   1 Valid, 0 Invalid.
   54.4044 seconds testing time.



Starting the performance measurement with the following parameters:
Number of finine elements: 152x152x152 (3511808)
Date type for 'elements': 'uint32'
Date type for 'nodes': 'double'
Problem type: 'Vector'
Processor type: 'GPU'

Running StiffMa2_LNX_Vec152
	Mesh created successfully with 3511808 Hex8 elements and 3581577 nodes!


================================================================================
Error occurred while setting up or tearing down StiffMa2_LNX_Vec152.
As a result, all StiffMa2_LNX_Vec152 tests failed and did not run to completion.
    ---------
    Error ID:
    ---------
    ''
    --------------
    Error Details:
    --------------
    Error using StiffMa2_LNX_Vec152 (line 45)
    No enough memory on the GPU to process the mesh.
================================================================================

Done StiffMa2_LNX_Vec152
__________

Failure Summary:

     Name                         Failed  Incomplete  Reason(s)
    ============================================================
     StiffMa2_LNX_Vec152/StiffMa    X         X       Errored.
  TimeResult with properties:

            Name: 'StiffMa2_LNX_Vec152/StiffMa'
           Valid: 0
         Samples: [0x7 table]
    TestActivity: [1x12 table]

Totals:
   0 Valid, 1 Invalid.
   1.038 seconds testing time.



Starting the performance measurement with the following parameters:
Number of finine elements: 154x154x154 (3652264)
Date type for 'elements': 'uint32'
Date type for 'nodes': 'double'
Problem type: 'Vector'
Processor type: 'GPU'

Running StiffMa2_LNX_Vec154
	Mesh created successfully with 3652264 Hex8 elements and 3723875 nodes!


================================================================================
Error occurred while setting up or tearing down StiffMa2_LNX_Vec154.
As a result, all StiffMa2_LNX_Vec154 tests failed and did not run to completion.
    ---------
    Error ID:
    ---------
    ''
    --------------
    Error Details:
    --------------
    Error using StiffMa2_LNX_Vec154 (line 45)
    No enough memory on the GPU to process the mesh.
================================================================================

Done StiffMa2_LNX_Vec154
__________

Failure Summary:

     Name                         Failed  Incomplete  Reason(s)
    ============================================================
     StiffMa2_LNX_Vec154/StiffMa    X         X       Errored.
  TimeResult with properties:

            Name: 'StiffMa2_LNX_Vec154/StiffMa'
           Valid: 0
         Samples: [0x7 table]
    TestActivity: [1x12 table]

Totals:
   0 Valid, 1 Invalid.
   1.062 seconds testing time.



Starting the performance measurement with the following parameters:
Number of finine elements: 156x156x156 (3796416)
Date type for 'elements': 'uint32'
Date type for 'nodes': 'double'
Problem type: 'Vector'
Processor type: 'GPU'

Running StiffMa2_LNX_Vec156
	Mesh created successfully with 3796416 Hex8 elements and 3869893 nodes!


================================================================================
Error occurred while setting up or tearing down StiffMa2_LNX_Vec156.
As a result, all StiffMa2_LNX_Vec156 tests failed and did not run to completion.
    ---------
    Error ID:
    ---------
    ''
    --------------
    Error Details:
    --------------
    Error using StiffMa2_LNX_Vec156 (line 45)
    No enough memory on the GPU to process the mesh.
================================================================================

Done StiffMa2_LNX_Vec156
__________

Failure Summary:

     Name                         Failed  Incomplete  Reason(s)
    ============================================================
     StiffMa2_LNX_Vec156/StiffMa    X         X       Errored.
  TimeResult with properties:

            Name: 'StiffMa2_LNX_Vec156/StiffMa'
           Valid: 0
         Samples: [0x7 table]
    TestActivity: [1x12 table]

Totals:
   0 Valid, 1 Invalid.
   1.0606 seconds testing time.



Starting the performance measurement with the following parameters:
Number of finine elements: 158x158x158 (3944312)
Date type for 'elements': 'uint32'
Date type for 'nodes': 'double'
Problem type: 'Vector'
Processor type: 'GPU'

Running StiffMa2_LNX_Vec158
	Mesh created successfully with 3944312 Hex8 elements and 4019679 nodes!


================================================================================
Error occurred while setting up or tearing down StiffMa2_LNX_Vec158.
As a result, all StiffMa2_LNX_Vec158 tests failed and did not run to completion.
    ---------
    Error ID:
    ---------
    ''
    --------------
    Error Details:
    --------------
    Error using StiffMa2_LNX_Vec158 (line 45)
    No enough memory on the GPU to process the mesh.
================================================================================

Done StiffMa2_LNX_Vec158
__________

Failure Summary:

     Name                         Failed  Incomplete  Reason(s)
    ============================================================
     StiffMa2_LNX_Vec158/StiffMa    X         X       Errored.
  TimeResult with properties:

            Name: 'StiffMa2_LNX_Vec158/StiffMa'
           Valid: 0
         Samples: [0x7 table]
    TestActivity: [1x12 table]

Totals:
   0 Valid, 1 Invalid.
   1.0778 seconds testing time.



Starting the performance measurement with the following parameters:
Number of finine elements: 160x160x160 (4096000)
Date type for 'elements': 'uint32'
Date type for 'nodes': 'double'
Problem type: 'Vector'
Processor type: 'GPU'

Running StiffMa2_LNX_Vec160
	Mesh created successfully with 4096000 Hex8 elements and 4173281 nodes!


================================================================================
Error occurred while setting up or tearing down StiffMa2_LNX_Vec160.
As a result, all StiffMa2_LNX_Vec160 tests failed and did not run to completion.
    ---------
    Error ID:
    ---------
    ''
    --------------
    Error Details:
    --------------
    Error using StiffMa2_LNX_Vec160 (line 45)
    No enough memory on the GPU to process the mesh.
================================================================================

Done StiffMa2_LNX_Vec160
__________

Failure Summary:

     Name                         Failed  Incomplete  Reason(s)
    ============================================================
     StiffMa2_LNX_Vec160/StiffMa    X         X       Errored.
  TimeResult with properties:

            Name: 'StiffMa2_LNX_Vec160/StiffMa'
           Valid: 0
         Samples: [0x7 table]
    TestActivity: [1x12 table]

Totals:
   0 Valid, 1 Invalid.
   1.1347 seconds testing time.



A total of 7 time experiments was executed!
Date and time at the beginning of the process: 	23-May-2020 12:38:29 
Date and time at the end of the process: 	23-May-2020 12:40:36


ans =

  7x7 table

               Name                SampleSize     Mean     StandardDeviation     Min      Median     Max  
    ___________________________    __________    ______    _________________    ______    ______    ______

    StiffMa2_LNX_Vec148/StiffMa        4         6.3242        0.022699          6.304    6.3197    6.3534
    StiffMa2_LNX_Vec150/StiffMa        4         6.6842        0.049665         6.6422    6.6723    6.7498
    StiffMa2_LNX_Vec152/StiffMa        0            NaN             NaN            NaN       NaN       NaN
    StiffMa2_LNX_Vec154/StiffMa        0            NaN             NaN            NaN       NaN       NaN
    StiffMa2_LNX_Vec156/StiffMa        0            NaN             NaN            NaN       NaN       NaN
    StiffMa2_LNX_Vec158/StiffMa        0            NaN             NaN            NaN       NaN       NaN
    StiffMa2_LNX_Vec160/StiffMa        0            NaN             NaN            NaN       NaN       NaN

