
                   < M A T L A B (R) >
         Copyright 1984-2018 The MathWorks, Inc.
          R2018b (9.5.0.944444) 64-bit (glnxa64)
                     August 28, 2018

 
For online documentation, see https://www.mathworks.com/support
For product information, visit www.mathworks.com.
 


Starting the performance measurement with the following parameters:
Number of finine elements: 10x10x10 (1000)
Date type for 'elements': 'int32'
Date type for 'nodes': 'single'
Problem type: 'Scalar'
Type of code: 'GPU'
CPU processor: 'Intel(R) Xeon(R) CPU E5-2687W v2 @ 3.40GHz'
GPU co-processor: 'Quadro K5000'

Running perftestLNX_S_GPU
........
================================================================================
perftestLNX_S_GPU/TransferToGPUMemory was filtered.
    Test Diagnostic: The MeasuredTime should not be too close to the precision of the framework.
================================================================================
.. .......... ....
Done perftestLNX_S_GPU
__________

Failure Summary:

     Name                                   Failed  Incomplete  Reason(s)
    ====================================================================================
     perftestLNX_S_GPU/TransferToGPUMemory              X       Filtered by assumption.


Starting the performance measurement with the following parameters:
Number of finine elements: 10x10x10 (1000)
Date type for 'elements': 'int32'
Date type for 'nodes': 'single'
Problem type: 'Vector'
Type of code: 'GPU'
CPU processor: 'Intel(R) Xeon(R) CPU E5-2687W v2 @ 3.40GHz'
GPU co-processor: 'Quadro K5000'

Running perftestLNX_V_GPU
........
================================================================================
perftestLNX_V_GPU/TransferToGPUMemory was filtered.
    Test Diagnostic: The MeasuredTime should not be too close to the precision of the framework.
================================================================================
.. .......... .......... .......... ....[Warning: Target Relative Margin of Error not met after
running the MaxSamples for
perftestLNX_V_GPU/IndexComputationOnGPU.] 
......
...
Done perftestLNX_V_GPU
__________

Failure Summary:

     Name                                   Failed  Incomplete  Reason(s)
    ====================================================================================
     perftestLNX_V_GPU/TransferToGPUMemory              X       Filtered by assumption.


Starting the performance measurement with the following parameters:
Number of finine elements: 10x10x10 (1000)
Date type for 'elements': 'int32'
Date type for 'nodes': 'double'
Problem type: 'Scalar'
Type of code: 'GPU'
CPU processor: 'Intel(R) Xeon(R) CPU E5-2687W v2 @ 3.40GHz'
GPU co-processor: 'Quadro K5000'

Running perftestLNX_S_GPU
........
================================================================================
perftestLNX_S_GPU/TransferToGPUMemory was filtered.
    Test Diagnostic: The MeasuredTime should not be too close to the precision of the framework.
================================================================================
.. .......... .......... ..
================================================================================
perftestLNX_S_GPU/AssemblyOfGlobalSparseMatrixOnGPU was filtered.
    Test Diagnostic: The MeasuredTime should not be too close to the precision of the framework.
================================================================================

Done perftestLNX_S_GPU
__________

Failure Summary:

     Name                                                 Failed  Incomplete  Reason(s)
    ==================================================================================================
     perftestLNX_S_GPU/TransferToGPUMemory                            X       Filtered by assumption.
    --------------------------------------------------------------------------------------------------
     perftestLNX_S_GPU/AssemblyOfGlobalSparseMatrixOnGPU              X       Filtered by assumption.


Starting the performance measurement with the following parameters:
Number of finine elements: 10x10x10 (1000)
Date type for 'elements': 'int32'
Date type for 'nodes': 'double'
Problem type: 'Vector'
Type of code: 'GPU'
CPU processor: 'Intel(R) Xeon(R) CPU E5-2687W v2 @ 3.40GHz'
GPU co-processor: 'Quadro K5000'

Running perftestLNX_V_GPU
........
================================================================================
perftestLNX_V_GPU/TransferToGPUMemory was filtered.
    Test Diagnostic: The MeasuredTime should not be too close to the precision of the framework.
================================================================================
.. .......... .......... .......... .
Done perftestLNX_V_GPU
__________

Failure Summary:

     Name                                   Failed  Incomplete  Reason(s)
    ====================================================================================
     perftestLNX_V_GPU/TransferToGPUMemory              X       Filtered by assumption.


Starting the performance measurement with the following parameters:
Number of finine elements: 10x10x10 (1000)
Date type for 'elements': 'uint32'
Date type for 'nodes': 'single'
Problem type: 'Scalar'
Type of code: 'GPU'
CPU processor: 'Intel(R) Xeon(R) CPU E5-2687W v2 @ 3.40GHz'
GPU co-processor: 'Quadro K5000'

Running perftestLNX_S_GPU
........
================================================================================
perftestLNX_S_GPU/TransferToGPUMemory was filtered.
    Test Diagnostic: The MeasuredTime should not be too close to the precision of the framework.
================================================================================
.. .......... ......
Done perftestLNX_S_GPU
__________

Failure Summary:

     Name                                   Failed  Incomplete  Reason(s)
    ====================================================================================
     perftestLNX_S_GPU/TransferToGPUMemory              X       Filtered by assumption.


Starting the performance measurement with the following parameters:
Number of finine elements: 10x10x10 (1000)
Date type for 'elements': 'uint32'
Date type for 'nodes': 'single'
Problem type: 'Vector'
Type of code: 'GPU'
CPU processor: 'Intel(R) Xeon(R) CPU E5-2687W v2 @ 3.40GHz'
GPU co-processor: 'Quadro K5000'

Running perftestLNX_V_GPU
........
================================================================================
perftestLNX_V_GPU/TransferToGPUMemory was filtered.
    Test Diagnostic: The MeasuredTime should not be too close to the precision of the framework.
================================================================================
.. .......... .......... ......
Done perftestLNX_V_GPU
__________

Failure Summary:

     Name                                   Failed  Incomplete  Reason(s)
    ====================================================================================
     perftestLNX_V_GPU/TransferToGPUMemory              X       Filtered by assumption.


Starting the performance measurement with the following parameters:
Number of finine elements: 10x10x10 (1000)
Date type for 'elements': 'uint32'
Date type for 'nodes': 'double'
Problem type: 'Scalar'
Type of code: 'GPU'
CPU processor: 'Intel(R) Xeon(R) CPU E5-2687W v2 @ 3.40GHz'
GPU co-processor: 'Quadro K5000'

Running perftestLNX_S_GPU
........
================================================================================
perftestLNX_S_GPU/TransferToGPUMemory was filtered.
    Test Diagnostic: The MeasuredTime should not be too close to the precision of the framework.
================================================================================
.. .......... .......... ..
================================================================================
perftestLNX_S_GPU/AssemblyOfGlobalSparseMatrixOnGPU was filtered.
    Test Diagnostic: The MeasuredTime should not be too close to the precision of the framework.
================================================================================

Done perftestLNX_S_GPU
__________

Failure Summary:

     Name                                                 Failed  Incomplete  Reason(s)
    ==================================================================================================
     perftestLNX_S_GPU/TransferToGPUMemory                            X       Filtered by assumption.
    --------------------------------------------------------------------------------------------------
     perftestLNX_S_GPU/AssemblyOfGlobalSparseMatrixOnGPU              X       Filtered by assumption.


Starting the performance measurement with the following parameters:
Number of finine elements: 10x10x10 (1000)
Date type for 'elements': 'uint32'
Date type for 'nodes': 'double'
Problem type: 'Vector'
Type of code: 'GPU'
CPU processor: 'Intel(R) Xeon(R) CPU E5-2687W v2 @ 3.40GHz'
GPU co-processor: 'Quadro K5000'

Running perftestLNX_V_GPU
........
================================================================================
perftestLNX_V_GPU/TransferToGPUMemory was filtered.
    Test Diagnostic: The MeasuredTime should not be too close to the precision of the framework.
================================================================================
.. .......... .......... ...
Done perftestLNX_V_GPU
__________

Failure Summary:

     Name                                   Failed  Incomplete  Reason(s)
    ====================================================================================
     perftestLNX_V_GPU/TransferToGPUMemory              X       Filtered by assumption.


Starting the performance measurement with the following parameters:
Number of finine elements: 10x10x10 (1000)
Date type for 'elements': 'int64'
Date type for 'nodes': 'double'
Problem type: 'Scalar'
Type of code: 'GPU'
CPU processor: 'Intel(R) Xeon(R) CPU E5-2687W v2 @ 3.40GHz'
GPU co-processor: 'Quadro K5000'

Running perftestLNX_S_GPU
........
================================================================================
perftestLNX_S_GPU/TransferToGPUMemory was filtered.
    Test Diagnostic: The MeasuredTime should not be too close to the precision of the framework.
================================================================================
.. .......... .......... ...
================================================================================
perftestLNX_S_GPU/AssemblyOfGlobalSparseMatrixOnGPU was filtered.
    Test Diagnostic: The MeasuredTime should not be too close to the precision of the framework.
================================================================================

Done perftestLNX_S_GPU
__________

Failure Summary:

     Name                                                 Failed  Incomplete  Reason(s)
    ==================================================================================================
     perftestLNX_S_GPU/TransferToGPUMemory                            X       Filtered by assumption.
    --------------------------------------------------------------------------------------------------
     perftestLNX_S_GPU/AssemblyOfGlobalSparseMatrixOnGPU              X       Filtered by assumption.


Starting the performance measurement with the following parameters:
Number of finine elements: 10x10x10 (1000)
Date type for 'elements': 'int64'
Date type for 'nodes': 'double'
Problem type: 'Vector'
Type of code: 'GPU'
CPU processor: 'Intel(R) Xeon(R) CPU E5-2687W v2 @ 3.40GHz'
GPU co-processor: 'Quadro K5000'

Running perftestLNX_V_GPU
........
================================================================================
perftestLNX_V_GPU/TransferToGPUMemory was filtered.
    Test Diagnostic: The MeasuredTime should not be too close to the precision of the framework.
================================================================================
.. .......... .......... ..
Done perftestLNX_V_GPU
__________

Failure Summary:

     Name                                   Failed  Incomplete  Reason(s)
    ====================================================================================
     perftestLNX_V_GPU/TransferToGPUMemory              X       Filtered by assumption.


Starting the performance measurement with the following parameters:
Number of finine elements: 10x10x10 (1000)
Date type for 'elements': 'uint64'
Date type for 'nodes': 'double'
Problem type: 'Scalar'
Type of code: 'GPU'
CPU processor: 'Intel(R) Xeon(R) CPU E5-2687W v2 @ 3.40GHz'
GPU co-processor: 'Quadro K5000'

Running perftestLNX_S_GPU
........
================================================================================
perftestLNX_S_GPU/TransferToGPUMemory was filtered.
    Test Diagnostic: The MeasuredTime should not be too close to the precision of the framework.
================================================================================
.. .......... .......... ..
================================================================================
perftestLNX_S_GPU/AssemblyOfGlobalSparseMatrixOnGPU was filtered.
    Test Diagnostic: The MeasuredTime should not be too close to the precision of the framework.
================================================================================

Done perftestLNX_S_GPU
__________

Failure Summary:

     Name                                                 Failed  Incomplete  Reason(s)
    ==================================================================================================
     perftestLNX_S_GPU/TransferToGPUMemory                            X       Filtered by assumption.
    --------------------------------------------------------------------------------------------------
     perftestLNX_S_GPU/AssemblyOfGlobalSparseMatrixOnGPU              X       Filtered by assumption.


Starting the performance measurement with the following parameters:
Number of finine elements: 10x10x10 (1000)
Date type for 'elements': 'uint64'
Date type for 'nodes': 'double'
Problem type: 'Vector'
Type of code: 'GPU'
CPU processor: 'Intel(R) Xeon(R) CPU E5-2687W v2 @ 3.40GHz'
GPU co-processor: 'Quadro K5000'

Running perftestLNX_V_GPU
........
================================================================================
perftestLNX_V_GPU/TransferToGPUMemory was filtered.
    Test Diagnostic: The MeasuredTime should not be too close to the precision of the framework.
================================================================================
.. .......... .......... ..
Done perftestLNX_V_GPU
__________

Failure Summary:

     Name                                   Failed  Incomplete  Reason(s)
    ====================================================================================
     perftestLNX_V_GPU/TransferToGPUMemory              X       Filtered by assumption.


Starting the performance measurement with the following parameters:
Number of finine elements: 10x10x10 (1000)
Date type for 'elements': 'double'
Date type for 'nodes': 'double'
Problem type: 'Scalar'
Type of code: 'GPU'
CPU processor: 'Intel(R) Xeon(R) CPU E5-2687W v2 @ 3.40GHz'
GPU co-processor: 'Quadro K5000'

Running perftestLNX_S_GPU
........
================================================================================
perftestLNX_S_GPU/TransferToGPUMemory was filtered.
    Test Diagnostic: The MeasuredTime should not be too close to the precision of the framework.
================================================================================
.. .......... .......... .......
================================================================================
perftestLNX_S_GPU/AssemblyOfGlobalSparseMatrixOnGPU was filtered.
    Test Diagnostic: The MeasuredTime should not be too close to the precision of the framework.
================================================================================

Done perftestLNX_S_GPU
__________

Failure Summary:

     Name                                                 Failed  Incomplete  Reason(s)
    ==================================================================================================
     perftestLNX_S_GPU/TransferToGPUMemory                            X       Filtered by assumption.
    --------------------------------------------------------------------------------------------------
     perftestLNX_S_GPU/AssemblyOfGlobalSparseMatrixOnGPU              X       Filtered by assumption.


Starting the performance measurement with the following parameters:
Number of finine elements: 10x10x10 (1000)
Date type for 'elements': 'double'
Date type for 'nodes': 'double'
Problem type: 'Vector'
Type of code: 'GPU'
CPU processor: 'Intel(R) Xeon(R) CPU E5-2687W v2 @ 3.40GHz'
GPU co-processor: 'Quadro K5000'

Running perftestLNX_V_GPU
........
================================================================================
perftestLNX_V_GPU/TransferToGPUMemory was filtered.
    Test Diagnostic: The MeasuredTime should not be too close to the precision of the framework.
================================================================================
.. .......... .......... ......
Done perftestLNX_V_GPU
__________

Failure Summary:

     Name                                   Failed  Incomplete  Reason(s)
    ====================================================================================
     perftestLNX_V_GPU/TransferToGPUMemory              X       Filtered by assumption.


Starting the performance measurement with the following parameters:
Number of finine elements: 20x20x20 (8000)
Date type for 'elements': 'int32'
Date type for 'nodes': 'single'
Problem type: 'Scalar'
Type of code: 'GPU'
CPU processor: 'Intel(R) Xeon(R) CPU E5-2687W v2 @ 3.40GHz'
GPU co-processor: 'Quadro K5000'

Running perftestLNX_S_GPU
........
================================================================================
perftestLNX_S_GPU/TransferToGPUMemory was filtered.
    Test Diagnostic: The MeasuredTime should not be too close to the precision of the framework.
================================================================================
.. .......... .......
Done perftestLNX_S_GPU
__________

Failure Summary:

     Name                                   Failed  Incomplete  Reason(s)
    ====================================================================================
     perftestLNX_S_GPU/TransferToGPUMemory              X       Filtered by assumption.


Starting the performance measurement with the following parameters:
Number of finine elements: 20x20x20 (8000)
Date type for 'elements': 'int32'
Date type for 'nodes': 'single'
Problem type: 'Vector'
Type of code: 'GPU'
CPU processor: 'Intel(R) Xeon(R) CPU E5-2687W v2 @ 3.40GHz'
GPU co-processor: 'Quadro K5000'

Running perftestLNX_V_GPU
........
================================================================================
perftestLNX_V_GPU/TransferToGPUMemory was filtered.
    Test Diagnostic: The MeasuredTime should not be too close to the precision of the framework.
================================================================================
.. .......... ....
Done perftestLNX_V_GPU
__________

Failure Summary:

     Name                                   Failed  Incomplete  Reason(s)
    ====================================================================================
     perftestLNX_V_GPU/TransferToGPUMemory              X       Filtered by assumption.


Starting the performance measurement with the following parameters:
Number of finine elements: 20x20x20 (8000)
Date type for 'elements': 'int32'
Date type for 'nodes': 'double'
Problem type: 'Scalar'
Type of code: 'GPU'
CPU processor: 'Intel(R) Xeon(R) CPU E5-2687W v2 @ 3.40GHz'
GPU co-processor: 'Quadro K5000'

Running perftestLNX_S_GPU
........
================================================================================
perftestLNX_S_GPU/TransferToGPUMemory was filtered.
    Test Diagnostic: The MeasuredTime should not be too close to the precision of the framework.
================================================================================
.. .......... .......... ..
Done perftestLNX_S_GPU
__________

Failure Summary:

     Name                                   Failed  Incomplete  Reason(s)
    ====================================================================================
     perftestLNX_S_GPU/TransferToGPUMemory              X       Filtered by assumption.


Starting the performance measurement with the following parameters:
Number of finine elements: 20x20x20 (8000)
Date type for 'elements': 'int32'
Date type for 'nodes': 'double'
Problem type: 'Vector'
Type of code: 'GPU'
CPU processor: 'Intel(R) Xeon(R) CPU E5-2687W v2 @ 3.40GHz'
GPU co-processor: 'Quadro K5000'

Running perftestLNX_V_GPU
........
================================================================================
perftestLNX_V_GPU/TransferToGPUMemory was filtered.
    Test Diagnostic: The MeasuredTime should not be too close to the precision of the framework.
================================================================================
.. .......... .......... ..
Done perftestLNX_V_GPU
__________

Failure Summary:

     Name                                   Failed  Incomplete  Reason(s)
    ====================================================================================
     perftestLNX_V_GPU/TransferToGPUMemory              X       Filtered by assumption.


Starting the performance measurement with the following parameters:
Number of finine elements: 20x20x20 (8000)
Date type for 'elements': 'uint32'
Date type for 'nodes': 'single'
Problem type: 'Scalar'
Type of code: 'GPU'
CPU processor: 'Intel(R) Xeon(R) CPU E5-2687W v2 @ 3.40GHz'
GPU co-processor: 'Quadro K5000'

Running perftestLNX_S_GPU
........
================================================================================
perftestLNX_S_GPU/TransferToGPUMemory was filtered.
    Test Diagnostic: The MeasuredTime should not be too close to the precision of the framework.
================================================================================
.. .......... ....
Done perftestLNX_S_GPU
__________

Failure Summary:

     Name                                   Failed  Incomplete  Reason(s)
    ====================================================================================
     perftestLNX_S_GPU/TransferToGPUMemory              X       Filtered by assumption.


Starting the performance measurement with the following parameters:
Number of finine elements: 20x20x20 (8000)
Date type for 'elements': 'uint32'
Date type for 'nodes': 'single'
Problem type: 'Vector'
Type of code: 'GPU'
CPU processor: 'Intel(R) Xeon(R) CPU E5-2687W v2 @ 3.40GHz'
GPU co-processor: 'Quadro K5000'

Running perftestLNX_V_GPU
........
================================================================================
perftestLNX_V_GPU/TransferToGPUMemory was filtered.
    Test Diagnostic: The MeasuredTime should not be too close to the precision of the framework.
================================================================================
.. .......... ....
Done perftestLNX_V_GPU
__________

Failure Summary:

     Name                                   Failed  Incomplete  Reason(s)
    ====================================================================================
     perftestLNX_V_GPU/TransferToGPUMemory              X       Filtered by assumption.


Starting the performance measurement with the following parameters:
Number of finine elements: 20x20x20 (8000)
Date type for 'elements': 'uint32'
Date type for 'nodes': 'double'
Problem type: 'Scalar'
Type of code: 'GPU'
CPU processor: 'Intel(R) Xeon(R) CPU E5-2687W v2 @ 3.40GHz'
GPU co-processor: 'Quadro K5000'

Running perftestLNX_S_GPU
........
================================================================================
perftestLNX_S_GPU/TransferToGPUMemory was filtered.
    Test Diagnostic: The MeasuredTime should not be too close to the precision of the framework.
================================================================================
.. .......... .......... .....
Done perftestLNX_S_GPU
__________

Failure Summary:

     Name                                   Failed  Incomplete  Reason(s)
    ====================================================================================
     perftestLNX_S_GPU/TransferToGPUMemory              X       Filtered by assumption.


Starting the performance measurement with the following parameters:
Number of finine elements: 20x20x20 (8000)
Date type for 'elements': 'uint32'
Date type for 'nodes': 'double'
Problem type: 'Vector'
Type of code: 'GPU'
CPU processor: 'Intel(R) Xeon(R) CPU E5-2687W v2 @ 3.40GHz'
GPU co-processor: 'Quadro K5000'

Running perftestLNX_V_GPU
........
================================================================================
perftestLNX_V_GPU/TransferToGPUMemory was filtered.
    Test Diagnostic: The MeasuredTime should not be too close to the precision of the framework.
================================================================================
.. .......... .......... ..
Done perftestLNX_V_GPU
__________

Failure Summary:

     Name                                   Failed  Incomplete  Reason(s)
    ====================================================================================
     perftestLNX_V_GPU/TransferToGPUMemory              X       Filtered by assumption.


Starting the performance measurement with the following parameters:
Number of finine elements: 20x20x20 (8000)
Date type for 'elements': 'int64'
Date type for 'nodes': 'double'
Problem type: 'Scalar'
Type of code: 'GPU'
CPU processor: 'Intel(R) Xeon(R) CPU E5-2687W v2 @ 3.40GHz'
GPU co-processor: 'Quadro K5000'

Running perftestLNX_S_GPU
........
================================================================================
perftestLNX_S_GPU/TransferToGPUMemory was filtered.
    Test Diagnostic: The MeasuredTime should not be too close to the precision of the framework.
================================================================================
.. .......... .......... .......... ....
Done perftestLNX_S_GPU
__________

Failure Summary:

     Name                                   Failed  Incomplete  Reason(s)
    ====================================================================================
     perftestLNX_S_GPU/TransferToGPUMemory              X       Filtered by assumption.


Starting the performance measurement with the following parameters:
Number of finine elements: 20x20x20 (8000)
Date type for 'elements': 'int64'
Date type for 'nodes': 'double'
Problem type: 'Vector'
Type of code: 'GPU'
CPU processor: 'Intel(R) Xeon(R) CPU E5-2687W v2 @ 3.40GHz'
GPU co-processor: 'Quadro K5000'

Running perftestLNX_V_GPU
........
================================================================================
perftestLNX_V_GPU/TransferToGPUMemory was filtered.
    Test Diagnostic: The MeasuredTime should not be too close to the precision of the framework.
================================================================================
.. .......... .......... ..
Done perftestLNX_V_GPU
__________

Failure Summary:

     Name                                   Failed  Incomplete  Reason(s)
    ====================================================================================
     perftestLNX_V_GPU/TransferToGPUMemory              X       Filtered by assumption.


Starting the performance measurement with the following parameters:
Number of finine elements: 20x20x20 (8000)
Date type for 'elements': 'uint64'
Date type for 'nodes': 'double'
Problem type: 'Scalar'
Type of code: 'GPU'
CPU processor: 'Intel(R) Xeon(R) CPU E5-2687W v2 @ 3.40GHz'
GPU co-processor: 'Quadro K5000'

Running perftestLNX_S_GPU
........
================================================================================
perftestLNX_S_GPU/TransferToGPUMemory was filtered.
    Test Diagnostic: The MeasuredTime should not be too close to the precision of the framework.
================================================================================
.. .......... .......... .....
Done perftestLNX_S_GPU
__________

Failure Summary:

     Name                                   Failed  Incomplete  Reason(s)
    ====================================================================================
     perftestLNX_S_GPU/TransferToGPUMemory              X       Filtered by assumption.


Starting the performance measurement with the following parameters:
Number of finine elements: 20x20x20 (8000)
Date type for 'elements': 'uint64'
Date type for 'nodes': 'double'
Problem type: 'Vector'
Type of code: 'GPU'
CPU processor: 'Intel(R) Xeon(R) CPU E5-2687W v2 @ 3.40GHz'
GPU co-processor: 'Quadro K5000'

Running perftestLNX_V_GPU
........
================================================================================
perftestLNX_V_GPU/TransferToGPUMemory was filtered.
    Test Diagnostic: The MeasuredTime should not be too close to the precision of the framework.
================================================================================
.. .......... .......... ..
Done perftestLNX_V_GPU
__________

Failure Summary:

     Name                                   Failed  Incomplete  Reason(s)
    ====================================================================================
     perftestLNX_V_GPU/TransferToGPUMemory              X       Filtered by assumption.


Starting the performance measurement with the following parameters:
Number of finine elements: 20x20x20 (8000)
Date type for 'elements': 'double'
Date type for 'nodes': 'double'
Problem type: 'Scalar'
Type of code: 'GPU'
CPU processor: 'Intel(R) Xeon(R) CPU E5-2687W v2 @ 3.40GHz'
GPU co-processor: 'Quadro K5000'

Running perftestLNX_S_GPU
........
================================================================================
perftestLNX_S_GPU/TransferToGPUMemory was filtered.
    Test Diagnostic: The MeasuredTime should not be too close to the precision of the framework.
================================================================================
.. .......... .......... ..
Done perftestLNX_S_GPU
__________

Failure Summary:

     Name                                   Failed  Incomplete  Reason(s)
    ====================================================================================
     perftestLNX_S_GPU/TransferToGPUMemory              X       Filtered by assumption.


Starting the performance measurement with the following parameters:
Number of finine elements: 20x20x20 (8000)
Date type for 'elements': 'double'
Date type for 'nodes': 'double'
Problem type: 'Vector'
Type of code: 'GPU'
CPU processor: 'Intel(R) Xeon(R) CPU E5-2687W v2 @ 3.40GHz'
GPU co-processor: 'Quadro K5000'

Running perftestLNX_V_GPU
........
================================================================================
perftestLNX_V_GPU/TransferToGPUMemory was filtered.
    Test Diagnostic: The MeasuredTime should not be too close to the precision of the framework.
================================================================================
.. .......... .......... .......... ..
Done perftestLNX_V_GPU
__________

Failure Summary:

     Name                                   Failed  Incomplete  Reason(s)
    ====================================================================================
     perftestLNX_V_GPU/TransferToGPUMemory              X       Filtered by assumption.


Starting the performance measurement with the following parameters:
Number of finine elements: 30x30x30 (27000)
Date type for 'elements': 'int32'
Date type for 'nodes': 'single'
Problem type: 'Scalar'
Type of code: 'GPU'
CPU processor: 'Intel(R) Xeon(R) CPU E5-2687W v2 @ 3.40GHz'
GPU co-processor: 'Quadro K5000'

Running perftestLNX_S_GPU
........
================================================================================
perftestLNX_S_GPU/TransferToGPUMemory was filtered.
    Test Diagnostic: The MeasuredTime should not be too close to the precision of the framework.
================================================================================
.. .......... ......
Done perftestLNX_S_GPU
__________

Failure Summary:

     Name                                   Failed  Incomplete  Reason(s)
    ====================================================================================
     perftestLNX_S_GPU/TransferToGPUMemory              X       Filtered by assumption.


Starting the performance measurement with the following parameters:
Number of finine elements: 30x30x30 (27000)
Date type for 'elements': 'int32'
Date type for 'nodes': 'single'
Problem type: 'Vector'
Type of code: 'GPU'
CPU processor: 'Intel(R) Xeon(R) CPU E5-2687W v2 @ 3.40GHz'
GPU co-processor: 'Quadro K5000'

Running perftestLNX_V_GPU
........
================================================================================
perftestLNX_V_GPU/TransferToGPUMemory was filtered.
    Test Diagnostic: The MeasuredTime should not be too close to the precision of the framework.
================================================================================
.. .......... ....
Done perftestLNX_V_GPU
__________

Failure Summary:

     Name                                   Failed  Incomplete  Reason(s)
    ====================================================================================
     perftestLNX_V_GPU/TransferToGPUMemory              X       Filtered by assumption.


Starting the performance measurement with the following parameters:
Number of finine elements: 30x30x30 (27000)
Date type for 'elements': 'int32'
Date type for 'nodes': 'double'
Problem type: 'Scalar'
Type of code: 'GPU'
CPU processor: 'Intel(R) Xeon(R) CPU E5-2687W v2 @ 3.40GHz'
GPU co-processor: 'Quadro K5000'

Running perftestLNX_S_GPU
........
================================================================================
perftestLNX_S_GPU/TransferToGPUMemory was filtered.
    Test Diagnostic: The MeasuredTime should not be too close to the precision of the framework.
================================================================================
.. .......... .......... ..
Done perftestLNX_S_GPU
__________

Failure Summary:

     Name                                   Failed  Incomplete  Reason(s)
    ====================================================================================
     perftestLNX_S_GPU/TransferToGPUMemory              X       Filtered by assumption.


Starting the performance measurement with the following parameters:
Number of finine elements: 30x30x30 (27000)
Date type for 'elements': 'int32'
Date type for 'nodes': 'double'
Problem type: 'Vector'
Type of code: 'GPU'
CPU processor: 'Intel(R) Xeon(R) CPU E5-2687W v2 @ 3.40GHz'
GPU co-processor: 'Quadro K5000'

Running perftestLNX_V_GPU
........
================================================================================
perftestLNX_V_GPU/TransferToGPUMemory was filtered.
    Test Diagnostic: The MeasuredTime should not be too close to the precision of the framework.
================================================================================
.. .......... .......... ..
Done perftestLNX_V_GPU
__________

Failure Summary:

     Name                                   Failed  Incomplete  Reason(s)
    ====================================================================================
     perftestLNX_V_GPU/TransferToGPUMemory              X       Filtered by assumption.


Starting the performance measurement with the following parameters:
Number of finine elements: 30x30x30 (27000)
Date type for 'elements': 'uint32'
Date type for 'nodes': 'single'
Problem type: 'Scalar'
Type of code: 'GPU'
CPU processor: 'Intel(R) Xeon(R) CPU E5-2687W v2 @ 3.40GHz'
GPU co-processor: 'Quadro K5000'

Running perftestLNX_S_GPU
........
================================================================================
perftestLNX_S_GPU/TransferToGPUMemory was filtered.
    Test Diagnostic: The MeasuredTime should not be too close to the precision of the framework.
================================================================================
.. .......... .......... ......
Done perftestLNX_S_GPU
__________

Failure Summary:

     Name                                   Failed  Incomplete  Reason(s)
    ====================================================================================
     perftestLNX_S_GPU/TransferToGPUMemory              X       Filtered by assumption.


Starting the performance measurement with the following parameters:
Number of finine elements: 30x30x30 (27000)
Date type for 'elements': 'uint32'
Date type for 'nodes': 'single'
Problem type: 'Vector'
Type of code: 'GPU'
CPU processor: 'Intel(R) Xeon(R) CPU E5-2687W v2 @ 3.40GHz'
GPU co-processor: 'Quadro K5000'

Running perftestLNX_V_GPU
........
================================================================================
perftestLNX_V_GPU/TransferToGPUMemory was filtered.
    Test Diagnostic: The MeasuredTime should not be too close to the precision of the framework.
================================================================================
.. .......... ....
Done perftestLNX_V_GPU
__________

Failure Summary:

     Name                                   Failed  Incomplete  Reason(s)
    ====================================================================================
     perftestLNX_V_GPU/TransferToGPUMemory              X       Filtered by assumption.


Starting the performance measurement with the following parameters:
Number of finine elements: 30x30x30 (27000)
Date type for 'elements': 'uint32'
Date type for 'nodes': 'double'
Problem type: 'Scalar'
Type of code: 'GPU'
CPU processor: 'Intel(R) Xeon(R) CPU E5-2687W v2 @ 3.40GHz'
GPU co-processor: 'Quadro K5000'

Running perftestLNX_S_GPU
........
================================================================================
perftestLNX_S_GPU/TransferToGPUMemory was filtered.
    Test Diagnostic: The MeasuredTime should not be too close to the precision of the framework.
================================================================================
.. .......... .......... ..
Done perftestLNX_S_GPU
__________

Failure Summary:

     Name                                   Failed  Incomplete  Reason(s)
    ====================================================================================
     perftestLNX_S_GPU/TransferToGPUMemory              X       Filtered by assumption.


Starting the performance measurement with the following parameters:
Number of finine elements: 30x30x30 (27000)
Date type for 'elements': 'uint32'
Date type for 'nodes': 'double'
Problem type: 'Vector'
Type of code: 'GPU'
CPU processor: 'Intel(R) Xeon(R) CPU E5-2687W v2 @ 3.40GHz'
GPU co-processor: 'Quadro K5000'

Running perftestLNX_V_GPU
........
================================================================================
perftestLNX_V_GPU/TransferToGPUMemory was filtered.
    Test Diagnostic: The MeasuredTime should not be too close to the precision of the framework.
================================================================================
.. .......... .......... ..
Done perftestLNX_V_GPU
__________

Failure Summary:

     Name                                   Failed  Incomplete  Reason(s)
    ====================================================================================
     perftestLNX_V_GPU/TransferToGPUMemory              X       Filtered by assumption.


Starting the performance measurement with the following parameters:
Number of finine elements: 30x30x30 (27000)
Date type for 'elements': 'int64'
Date type for 'nodes': 'double'
Problem type: 'Scalar'
Type of code: 'GPU'
CPU processor: 'Intel(R) Xeon(R) CPU E5-2687W v2 @ 3.40GHz'
GPU co-processor: 'Quadro K5000'

Running perftestLNX_S_GPU
........
================================================================================
perftestLNX_S_GPU/TransferToGPUMemory was filtered.
    Test Diagnostic: The MeasuredTime should not be too close to the precision of the framework.
================================================================================
.. .......... .......... ...
Done perftestLNX_S_GPU
__________

Failure Summary:

     Name                                   Failed  Incomplete  Reason(s)
    ====================================================================================
     perftestLNX_S_GPU/TransferToGPUMemory              X       Filtered by assumption.


Starting the performance measurement with the following parameters:
Number of finine elements: 30x30x30 (27000)
Date type for 'elements': 'int64'
Date type for 'nodes': 'double'
Problem type: 'Vector'
Type of code: 'GPU'
CPU processor: 'Intel(R) Xeon(R) CPU E5-2687W v2 @ 3.40GHz'
GPU co-processor: 'Quadro K5000'

Running perftestLNX_V_GPU
........
================================================================================
perftestLNX_V_GPU/TransferToGPUMemory was filtered.
    Test Diagnostic: The MeasuredTime should not be too close to the precision of the framework.
================================================================================
.. .......... .......... ..
Done perftestLNX_V_GPU
__________

Failure Summary:

     Name                                   Failed  Incomplete  Reason(s)
    ====================================================================================
     perftestLNX_V_GPU/TransferToGPUMemory              X       Filtered by assumption.


Starting the performance measurement with the following parameters:
Number of finine elements: 30x30x30 (27000)
Date type for 'elements': 'uint64'
Date type for 'nodes': 'double'
Problem type: 'Scalar'
Type of code: 'GPU'
CPU processor: 'Intel(R) Xeon(R) CPU E5-2687W v2 @ 3.40GHz'
GPU co-processor: 'Quadro K5000'

Running perftestLNX_S_GPU
........
================================================================================
perftestLNX_S_GPU/TransferToGPUMemory was filtered.
    Test Diagnostic: The MeasuredTime should not be too close to the precision of the framework.
================================================================================
.. .......... .......... ..
Done perftestLNX_S_GPU
__________

Failure Summary:

     Name                                   Failed  Incomplete  Reason(s)
    ====================================================================================
     perftestLNX_S_GPU/TransferToGPUMemory              X       Filtered by assumption.


Starting the performance measurement with the following parameters:
Number of finine elements: 30x30x30 (27000)
Date type for 'elements': 'uint64'
Date type for 'nodes': 'double'
Problem type: 'Vector'
Type of code: 'GPU'
CPU processor: 'Intel(R) Xeon(R) CPU E5-2687W v2 @ 3.40GHz'
GPU co-processor: 'Quadro K5000'

Running perftestLNX_V_GPU
........
================================================================================
perftestLNX_V_GPU/TransferToGPUMemory was filtered.
    Test Diagnostic: The MeasuredTime should not be too close to the precision of the framework.
================================================================================
.. .......... .......... ..
Done perftestLNX_V_GPU
__________

Failure Summary:

     Name                                   Failed  Incomplete  Reason(s)
    ====================================================================================
     perftestLNX_V_GPU/TransferToGPUMemory              X       Filtered by assumption.


Starting the performance measurement with the following parameters:
Number of finine elements: 30x30x30 (27000)
Date type for 'elements': 'double'
Date type for 'nodes': 'double'
Problem type: 'Scalar'
Type of code: 'GPU'
CPU processor: 'Intel(R) Xeon(R) CPU E5-2687W v2 @ 3.40GHz'
GPU co-processor: 'Quadro K5000'

Running perftestLNX_S_GPU
........
================================================================================
perftestLNX_S_GPU/TransferToGPUMemory was filtered.
    Test Diagnostic: The MeasuredTime should not be too close to the precision of the framework.
================================================================================
.. .......... .......... .....
Done perftestLNX_S_GPU
__________

Failure Summary:

     Name                                   Failed  Incomplete  Reason(s)
    ====================================================================================
     perftestLNX_S_GPU/TransferToGPUMemory              X       Filtered by assumption.


Starting the performance measurement with the following parameters:
Number of finine elements: 30x30x30 (27000)
Date type for 'elements': 'double'
Date type for 'nodes': 'double'
Problem type: 'Vector'
Type of code: 'GPU'
CPU processor: 'Intel(R) Xeon(R) CPU E5-2687W v2 @ 3.40GHz'
GPU co-processor: 'Quadro K5000'

Running perftestLNX_V_GPU
........
================================================================================
perftestLNX_V_GPU/TransferToGPUMemory was filtered.
    Test Diagnostic: The MeasuredTime should not be too close to the precision of the framework.
================================================================================
.. .......... .......... ..
Done perftestLNX_V_GPU
__________

Failure Summary:

     Name                                   Failed  Incomplete  Reason(s)
    ====================================================================================
     perftestLNX_V_GPU/TransferToGPUMemory              X       Filtered by assumption.


Starting the performance measurement with the following parameters:
Number of finine elements: 40x40x40 (64000)
Date type for 'elements': 'int32'
Date type for 'nodes': 'single'
Problem type: 'Scalar'
Type of code: 'GPU'
CPU processor: 'Intel(R) Xeon(R) CPU E5-2687W v2 @ 3.40GHz'
GPU co-processor: 'Quadro K5000'

Running perftestLNX_S_GPU
........
================================================================================
perftestLNX_S_GPU/TransferToGPUMemory was filtered.
    Test Diagnostic: The MeasuredTime should not be too close to the precision of the framework.
================================================================================
.. .......... ....
Done perftestLNX_S_GPU
__________

Failure Summary:

     Name                                   Failed  Incomplete  Reason(s)
    ====================================================================================
     perftestLNX_S_GPU/TransferToGPUMemory              X       Filtered by assumption.


Starting the performance measurement with the following parameters:
Number of finine elements: 40x40x40 (64000)
Date type for 'elements': 'int32'
Date type for 'nodes': 'single'
Problem type: 'Vector'
Type of code: 'GPU'
CPU processor: 'Intel(R) Xeon(R) CPU E5-2687W v2 @ 3.40GHz'
GPU co-processor: 'Quadro K5000'

Running perftestLNX_V_GPU
.......... .......... ....
Done perftestLNX_V_GPU
__________



Starting the performance measurement with the following parameters:
Number of finine elements: 40x40x40 (64000)
Date type for 'elements': 'int32'
Date type for 'nodes': 'double'
Problem type: 'Scalar'
Type of code: 'GPU'
CPU processor: 'Intel(R) Xeon(R) CPU E5-2687W v2 @ 3.40GHz'
GPU co-processor: 'Quadro K5000'

Running perftestLNX_S_GPU
.......... .......... .......... ..
Done perftestLNX_S_GPU
__________



Starting the performance measurement with the following parameters:
Number of finine elements: 40x40x40 (64000)
Date type for 'elements': 'int32'
Date type for 'nodes': 'double'
Problem type: 'Vector'
Type of code: 'GPU'
CPU processor: 'Intel(R) Xeon(R) CPU E5-2687W v2 @ 3.40GHz'
GPU co-processor: 'Quadro K5000'

Running perftestLNX_V_GPU
.......... .......... .......... ..
Done perftestLNX_V_GPU
__________



Starting the performance measurement with the following parameters:
Number of finine elements: 40x40x40 (64000)
Date type for 'elements': 'uint32'
Date type for 'nodes': 'single'
Problem type: 'Scalar'
Type of code: 'GPU'
CPU processor: 'Intel(R) Xeon(R) CPU E5-2687W v2 @ 3.40GHz'
GPU co-processor: 'Quadro K5000'

Running perftestLNX_S_GPU
........
================================================================================
perftestLNX_S_GPU/TransferToGPUMemory was filtered.
    Test Diagnostic: The MeasuredTime should not be too close to the precision of the framework.
================================================================================
.. .......... ....
Done perftestLNX_S_GPU
__________

Failure Summary:

     Name                                   Failed  Incomplete  Reason(s)
    ====================================================================================
     perftestLNX_S_GPU/TransferToGPUMemory              X       Filtered by assumption.


Starting the performance measurement with the following parameters:
Number of finine elements: 40x40x40 (64000)
Date type for 'elements': 'uint32'
Date type for 'nodes': 'single'
Problem type: 'Vector'
Type of code: 'GPU'
CPU processor: 'Intel(R) Xeon(R) CPU E5-2687W v2 @ 3.40GHz'
GPU co-processor: 'Quadro K5000'

Running perftestLNX_V_GPU
........
================================================================================
perftestLNX_V_GPU/TransferToGPUMemory was filtered.
    Test Diagnostic: The MeasuredTime should not be too close to the precision of the framework.
================================================================================
.. .......... ....
Done perftestLNX_V_GPU
__________

Failure Summary:

     Name                                   Failed  Incomplete  Reason(s)
    ====================================================================================
     perftestLNX_V_GPU/TransferToGPUMemory              X       Filtered by assumption.


Starting the performance measurement with the following parameters:
Number of finine elements: 40x40x40 (64000)
Date type for 'elements': 'uint32'
Date type for 'nodes': 'double'
Problem type: 'Scalar'
Type of code: 'GPU'
CPU processor: 'Intel(R) Xeon(R) CPU E5-2687W v2 @ 3.40GHz'
GPU co-processor: 'Quadro K5000'

Running perftestLNX_S_GPU
.......... .......... .......... ..
Done perftestLNX_S_GPU
__________



Starting the performance measurement with the following parameters:
Number of finine elements: 40x40x40 (64000)
Date type for 'elements': 'uint32'
Date type for 'nodes': 'double'
Problem type: 'Vector'
Type of code: 'GPU'
CPU processor: 'Intel(R) Xeon(R) CPU E5-2687W v2 @ 3.40GHz'
GPU co-processor: 'Quadro K5000'

Running perftestLNX_V_GPU
.......... .......... .......... ..
Done perftestLNX_V_GPU
__________



Starting the performance measurement with the following parameters:
Number of finine elements: 40x40x40 (64000)
Date type for 'elements': 'int64'
Date type for 'nodes': 'double'
Problem type: 'Scalar'
Type of code: 'GPU'
CPU processor: 'Intel(R) Xeon(R) CPU E5-2687W v2 @ 3.40GHz'
GPU co-processor: 'Quadro K5000'

Running perftestLNX_S_GPU
.......... .......... .......... ..
Done perftestLNX_S_GPU
__________



Starting the performance measurement with the following parameters:
Number of finine elements: 40x40x40 (64000)
Date type for 'elements': 'int64'
Date type for 'nodes': 'double'
Problem type: 'Vector'
Type of code: 'GPU'
CPU processor: 'Intel(R) Xeon(R) CPU E5-2687W v2 @ 3.40GHz'
GPU co-processor: 'Quadro K5000'

Running perftestLNX_V_GPU
.......... .......... .......... ...
Done perftestLNX_V_GPU
__________



Starting the performance measurement with the following parameters:
Number of finine elements: 40x40x40 (64000)
Date type for 'elements': 'uint64'
Date type for 'nodes': 'double'
Problem type: 'Scalar'
Type of code: 'GPU'
CPU processor: 'Intel(R) Xeon(R) CPU E5-2687W v2 @ 3.40GHz'
GPU co-processor: 'Quadro K5000'

Running perftestLNX_S_GPU
.......... .......... .......... ..........
Done perftestLNX_S_GPU
__________



Starting the performance measurement with the following parameters:
Number of finine elements: 40x40x40 (64000)
Date type for 'elements': 'uint64'
Date type for 'nodes': 'double'
Problem type: 'Vector'
Type of code: 'GPU'
CPU processor: 'Intel(R) Xeon(R) CPU E5-2687W v2 @ 3.40GHz'
GPU co-processor: 'Quadro K5000'

Running perftestLNX_V_GPU
.......... .......... .......... ..
Done perftestLNX_V_GPU
__________



Starting the performance measurement with the following parameters:
Number of finine elements: 40x40x40 (64000)
Date type for 'elements': 'double'
Date type for 'nodes': 'double'
Problem type: 'Scalar'
Type of code: 'GPU'
CPU processor: 'Intel(R) Xeon(R) CPU E5-2687W v2 @ 3.40GHz'
GPU co-processor: 'Quadro K5000'

Running perftestLNX_S_GPU
.......... .......... .......... ..
Done perftestLNX_S_GPU
__________



Starting the performance measurement with the following parameters:
Number of finine elements: 40x40x40 (64000)
Date type for 'elements': 'double'
Date type for 'nodes': 'double'
Problem type: 'Vector'
Type of code: 'GPU'
CPU processor: 'Intel(R) Xeon(R) CPU E5-2687W v2 @ 3.40GHz'
GPU co-processor: 'Quadro K5000'

Running perftestLNX_V_GPU
.......... .......... .......... ..
Done perftestLNX_V_GPU
__________



Starting the performance measurement with the following parameters:
Number of finine elements: 50x50x50 (125000)
Date type for 'elements': 'int32'
Date type for 'nodes': 'single'
Problem type: 'Scalar'
Type of code: 'GPU'
CPU processor: 'Intel(R) Xeon(R) CPU E5-2687W v2 @ 3.40GHz'
GPU co-processor: 'Quadro K5000'

Running perftestLNX_S_GPU
.......... .......... ....
Done perftestLNX_S_GPU
__________



Starting the performance measurement with the following parameters:
Number of finine elements: 50x50x50 (125000)
Date type for 'elements': 'int32'
Date type for 'nodes': 'single'
Problem type: 'Vector'
Type of code: 'GPU'
CPU processor: 'Intel(R) Xeon(R) CPU E5-2687W v2 @ 3.40GHz'
GPU co-processor: 'Quadro K5000'

Running perftestLNX_V_GPU
.......... .......... .....
Done perftestLNX_V_GPU
__________



Starting the performance measurement with the following parameters:
Number of finine elements: 50x50x50 (125000)
Date type for 'elements': 'int32'
Date type for 'nodes': 'double'
Problem type: 'Scalar'
Type of code: 'GPU'
CPU processor: 'Intel(R) Xeon(R) CPU E5-2687W v2 @ 3.40GHz'
GPU co-processor: 'Quadro K5000'

Running perftestLNX_S_GPU
.......... .......... .......... ..
Done perftestLNX_S_GPU
__________



Starting the performance measurement with the following parameters:
Number of finine elements: 50x50x50 (125000)
Date type for 'elements': 'int32'
Date type for 'nodes': 'double'
Problem type: 'Vector'
Type of code: 'GPU'
CPU processor: 'Intel(R) Xeon(R) CPU E5-2687W v2 @ 3.40GHz'
GPU co-processor: 'Quadro K5000'

Running perftestLNX_V_GPU
.......... .......... .......... ..
Done perftestLNX_V_GPU
__________



Starting the performance measurement with the following parameters:
Number of finine elements: 50x50x50 (125000)
Date type for 'elements': 'uint32'
Date type for 'nodes': 'single'
Problem type: 'Scalar'
Type of code: 'GPU'
CPU processor: 'Intel(R) Xeon(R) CPU E5-2687W v2 @ 3.40GHz'
GPU co-processor: 'Quadro K5000'

Running perftestLNX_S_GPU
.......... .......... ....
Done perftestLNX_S_GPU
__________



Starting the performance measurement with the following parameters:
Number of finine elements: 50x50x50 (125000)
Date type for 'elements': 'uint32'
Date type for 'nodes': 'single'
Problem type: 'Vector'
Type of code: 'GPU'
CPU processor: 'Intel(R) Xeon(R) CPU E5-2687W v2 @ 3.40GHz'
GPU co-processor: 'Quadro K5000'

Running perftestLNX_V_GPU
.......... .......... ....
Done perftestLNX_V_GPU
__________



Starting the performance measurement with the following parameters:
Number of finine elements: 50x50x50 (125000)
Date type for 'elements': 'uint32'
Date type for 'nodes': 'double'
Problem type: 'Scalar'
Type of code: 'GPU'
CPU processor: 'Intel(R) Xeon(R) CPU E5-2687W v2 @ 3.40GHz'
GPU co-processor: 'Quadro K5000'

Running perftestLNX_S_GPU
.......... .......... .......... ..
Done perftestLNX_S_GPU
__________



Starting the performance measurement with the following parameters:
Number of finine elements: 50x50x50 (125000)
Date type for 'elements': 'uint32'
Date type for 'nodes': 'double'
Problem type: 'Vector'
Type of code: 'GPU'
CPU processor: 'Intel(R) Xeon(R) CPU E5-2687W v2 @ 3.40GHz'
GPU co-processor: 'Quadro K5000'

Running perftestLNX_V_GPU
.......... .......... .......... ..
Done perftestLNX_V_GPU
__________



Starting the performance measurement with the following parameters:
Number of finine elements: 50x50x50 (125000)
Date type for 'elements': 'int64'
Date type for 'nodes': 'double'
Problem type: 'Scalar'
Type of code: 'GPU'
CPU processor: 'Intel(R) Xeon(R) CPU E5-2687W v2 @ 3.40GHz'
GPU co-processor: 'Quadro K5000'

Running perftestLNX_S_GPU
.......... .......... .......... ..
Done perftestLNX_S_GPU
__________



Starting the performance measurement with the following parameters:
Number of finine elements: 50x50x50 (125000)
Date type for 'elements': 'int64'
Date type for 'nodes': 'double'
Problem type: 'Vector'
Type of code: 'GPU'
CPU processor: 'Intel(R) Xeon(R) CPU E5-2687W v2 @ 3.40GHz'
GPU co-processor: 'Quadro K5000'

Running perftestLNX_V_GPU
.......... .......... .......... ..........
Done perftestLNX_V_GPU
__________



Starting the performance measurement with the following parameters:
Number of finine elements: 50x50x50 (125000)
Date type for 'elements': 'uint64'
Date type for 'nodes': 'double'
Problem type: 'Scalar'
Type of code: 'GPU'
CPU processor: 'Intel(R) Xeon(R) CPU E5-2687W v2 @ 3.40GHz'
GPU co-processor: 'Quadro K5000'

Running perftestLNX_S_GPU
.......... .......... .......... ..
Done perftestLNX_S_GPU
__________



Starting the performance measurement with the following parameters:
Number of finine elements: 50x50x50 (125000)
Date type for 'elements': 'uint64'
Date type for 'nodes': 'double'
Problem type: 'Vector'
Type of code: 'GPU'
CPU processor: 'Intel(R) Xeon(R) CPU E5-2687W v2 @ 3.40GHz'
GPU co-processor: 'Quadro K5000'

Running perftestLNX_V_GPU
.......... .......... .......... ..
Done perftestLNX_V_GPU
__________



Starting the performance measurement with the following parameters:
Number of finine elements: 50x50x50 (125000)
Date type for 'elements': 'double'
Date type for 'nodes': 'double'
Problem type: 'Scalar'
Type of code: 'GPU'
CPU processor: 'Intel(R) Xeon(R) CPU E5-2687W v2 @ 3.40GHz'
GPU co-processor: 'Quadro K5000'

Running perftestLNX_S_GPU
.......... .......... .......... ..
Done perftestLNX_S_GPU
__________



Starting the performance measurement with the following parameters:
Number of finine elements: 50x50x50 (125000)
Date type for 'elements': 'double'
Date type for 'nodes': 'double'
Problem type: 'Vector'
Type of code: 'GPU'
CPU processor: 'Intel(R) Xeon(R) CPU E5-2687W v2 @ 3.40GHz'
GPU co-processor: 'Quadro K5000'

Running perftestLNX_V_GPU
.......... .......... .......... ..
Done perftestLNX_V_GPU
__________



Starting the performance measurement with the following parameters:
Number of finine elements: 60x60x60 (216000)
Date type for 'elements': 'int32'
Date type for 'nodes': 'single'
Problem type: 'Scalar'
Type of code: 'GPU'
CPU processor: 'Intel(R) Xeon(R) CPU E5-2687W v2 @ 3.40GHz'
GPU co-processor: 'Quadro K5000'

Running perftestLNX_S_GPU
.......... .......... ....
Done perftestLNX_S_GPU
__________



Starting the performance measurement with the following parameters:
Number of finine elements: 60x60x60 (216000)
Date type for 'elements': 'int32'
Date type for 'nodes': 'single'
Problem type: 'Vector'
Type of code: 'GPU'
CPU processor: 'Intel(R) Xeon(R) CPU E5-2687W v2 @ 3.40GHz'
GPU co-processor: 'Quadro K5000'

Running perftestLNX_V_GPU
.......... .......... ....
Done perftestLNX_V_GPU
__________



Starting the performance measurement with the following parameters:
Number of finine elements: 60x60x60 (216000)
Date type for 'elements': 'int32'
Date type for 'nodes': 'double'
Problem type: 'Scalar'
Type of code: 'GPU'
CPU processor: 'Intel(R) Xeon(R) CPU E5-2687W v2 @ 3.40GHz'
GPU co-processor: 'Quadro K5000'

Running perftestLNX_S_GPU
.......... .......... .......... .......... ..........
.
Done perftestLNX_S_GPU
__________



Starting the performance measurement with the following parameters:
Number of finine elements: 60x60x60 (216000)
Date type for 'elements': 'int32'
Date type for 'nodes': 'double'
Problem type: 'Vector'
Type of code: 'GPU'
CPU processor: 'Intel(R) Xeon(R) CPU E5-2687W v2 @ 3.40GHz'
GPU co-processor: 'Quadro K5000'

Running perftestLNX_V_GPU
.......... .......... ....Caught "std::exception" Exception message is:
radix_sort: failed to get memory buffer
