
                            < M A T L A B (R) >
                  Copyright 1984-2018 The MathWorks, Inc.
                  R2018b (9.5.0.944444) 64-bit (glnxa64)
                              August 28, 2018

 
To get started, type doc.
For product information, visit www.mathworks.com.
 


Starting the performance measurement with the following parameters:
Number of finine elements: 10x10x10 (1000)
Date type for 'elements': 'int32'
Date type for 'nodes': 'single'
Problem type: 'Scalar'
Type of code: 'CPUp'
CPU processor: 'Intel(R) Xeon(R) CPU E5-2687W v2 @ 3.40GHz'
GPU co-processor: 'Quadro K5000'

Running perftestLNX_S_CPUp
Starting parallel pool (parpool) using the 'local' profile ...
connected to 32 workers.
........
================================================================================
perftestLNX_S_CPUp/IndexComputationOnCPU_parallel_ was filtered.
    Test Diagnostic: The MeasuredTime should not be too close to the precision of the framework.
================================================================================
.. ......
Done perftestLNX_S_CPUp
__________

Failure Summary:

     Name                                                Failed  Incomplete  Reason(s)
    =================================================================================================
     perftestLNX_S_CPUp/IndexComputationOnCPU_parallel_              X       Filtered by assumption.


Starting the performance measurement with the following parameters:
Number of finine elements: 10x10x10 (1000)
Date type for 'elements': 'int32'
Date type for 'nodes': 'single'
Problem type: 'Vector'
Type of code: 'CPUp'
CPU processor: 'Intel(R) Xeon(R) CPU E5-2687W v2 @ 3.40GHz'
GPU co-processor: 'Quadro K5000'

Running perftestLNX_V_CPUp
.......... .......... ..........
Done perftestLNX_V_CPUp
__________



Starting the performance measurement with the following parameters:
Number of finine elements: 10x10x10 (1000)
Date type for 'elements': 'int32'
Date type for 'nodes': 'double'
Problem type: 'Scalar'
Type of code: 'CPUp'
CPU processor: 'Intel(R) Xeon(R) CPU E5-2687W v2 @ 3.40GHz'
GPU co-processor: 'Quadro K5000'

Running perftestLNX_S_CPUp
........
================================================================================
perftestLNX_S_CPUp/IndexComputationOnCPU_parallel_ was filtered.
    Test Diagnostic: The MeasuredTime should not be too close to the precision of the framework.
================================================================================
.. .......... .......... .........
Done perftestLNX_S_CPUp
__________

Failure Summary:

     Name                                                Failed  Incomplete  Reason(s)
    =================================================================================================
     perftestLNX_S_CPUp/IndexComputationOnCPU_parallel_              X       Filtered by assumption.


Starting the performance measurement with the following parameters:
Number of finine elements: 10x10x10 (1000)
Date type for 'elements': 'int32'
Date type for 'nodes': 'double'
Problem type: 'Vector'
Type of code: 'CPUp'
CPU processor: 'Intel(R) Xeon(R) CPU E5-2687W v2 @ 3.40GHz'
GPU co-processor: 'Quadro K5000'

Running perftestLNX_V_CPUp
.......... .......... .........
Done perftestLNX_V_CPUp
__________



Starting the performance measurement with the following parameters:
Number of finine elements: 10x10x10 (1000)
Date type for 'elements': 'uint32'
Date type for 'nodes': 'single'
Problem type: 'Scalar'
Type of code: 'CPUp'
CPU processor: 'Intel(R) Xeon(R) CPU E5-2687W v2 @ 3.40GHz'
GPU co-processor: 'Quadro K5000'

Running perftestLNX_S_CPUp
........
================================================================================
perftestLNX_S_CPUp/IndexComputationOnCPU_parallel_ was filtered.
    Test Diagnostic: The MeasuredTime should not be too close to the precision of the framework.
================================================================================
.. ......
Done perftestLNX_S_CPUp
__________

Failure Summary:

     Name                                                Failed  Incomplete  Reason(s)
    =================================================================================================
     perftestLNX_S_CPUp/IndexComputationOnCPU_parallel_              X       Filtered by assumption.


Starting the performance measurement with the following parameters:
Number of finine elements: 10x10x10 (1000)
Date type for 'elements': 'uint32'
Date type for 'nodes': 'single'
Problem type: 'Vector'
Type of code: 'CPUp'
CPU processor: 'Intel(R) Xeon(R) CPU E5-2687W v2 @ 3.40GHz'
GPU co-processor: 'Quadro K5000'

Running perftestLNX_V_CPUp
.......... ......
Done perftestLNX_V_CPUp
__________



Starting the performance measurement with the following parameters:
Number of finine elements: 10x10x10 (1000)
Date type for 'elements': 'uint32'
Date type for 'nodes': 'double'
Problem type: 'Scalar'
Type of code: 'CPUp'
CPU processor: 'Intel(R) Xeon(R) CPU E5-2687W v2 @ 3.40GHz'
GPU co-processor: 'Quadro K5000'

Running perftestLNX_S_CPUp
........
================================================================================
perftestLNX_S_CPUp/IndexComputationOnCPU_parallel_ was filtered.
    Test Diagnostic: The MeasuredTime should not be too close to the precision of the framework.
================================================================================
.. .......... ........
Done perftestLNX_S_CPUp
__________

Failure Summary:

     Name                                                Failed  Incomplete  Reason(s)
    =================================================================================================
     perftestLNX_S_CPUp/IndexComputationOnCPU_parallel_              X       Filtered by assumption.


Starting the performance measurement with the following parameters:
Number of finine elements: 10x10x10 (1000)
Date type for 'elements': 'uint32'
Date type for 'nodes': 'double'
Problem type: 'Vector'
Type of code: 'CPUp'
CPU processor: 'Intel(R) Xeon(R) CPU E5-2687W v2 @ 3.40GHz'
GPU co-processor: 'Quadro K5000'

Running perftestLNX_V_CPUp
.......... .......... .....
Done perftestLNX_V_CPUp
__________



Starting the performance measurement with the following parameters:
Number of finine elements: 10x10x10 (1000)
Date type for 'elements': 'int64'
Date type for 'nodes': 'double'
Problem type: 'Scalar'
Type of code: 'CPUp'
CPU processor: 'Intel(R) Xeon(R) CPU E5-2687W v2 @ 3.40GHz'
GPU co-processor: 'Quadro K5000'

Running perftestLNX_S_CPUp
.......... .......... ....
Done perftestLNX_S_CPUp
__________



Starting the performance measurement with the following parameters:
Number of finine elements: 10x10x10 (1000)
Date type for 'elements': 'int64'
Date type for 'nodes': 'double'
Problem type: 'Vector'
Type of code: 'CPUp'
CPU processor: 'Intel(R) Xeon(R) CPU E5-2687W v2 @ 3.40GHz'
GPU co-processor: 'Quadro K5000'

Running perftestLNX_V_CPUp
.......... .......... .......... .......... ...
Done perftestLNX_V_CPUp
__________



Starting the performance measurement with the following parameters:
Number of finine elements: 10x10x10 (1000)
Date type for 'elements': 'uint64'
Date type for 'nodes': 'double'
Problem type: 'Scalar'
Type of code: 'CPUp'
CPU processor: 'Intel(R) Xeon(R) CPU E5-2687W v2 @ 3.40GHz'
GPU co-processor: 'Quadro K5000'

Running perftestLNX_S_CPUp
.......... .......... ....
Done perftestLNX_S_CPUp
__________



Starting the performance measurement with the following parameters:
Number of finine elements: 10x10x10 (1000)
Date type for 'elements': 'uint64'
Date type for 'nodes': 'double'
Problem type: 'Vector'
Type of code: 'CPUp'
CPU processor: 'Intel(R) Xeon(R) CPU E5-2687W v2 @ 3.40GHz'
GPU co-processor: 'Quadro K5000'

Running perftestLNX_V_CPUp
.......... .......... ....
Done perftestLNX_V_CPUp
__________



Starting the performance measurement with the following parameters:
Number of finine elements: 10x10x10 (1000)
Date type for 'elements': 'double'
Date type for 'nodes': 'double'
Problem type: 'Scalar'
Type of code: 'CPUp'
CPU processor: 'Intel(R) Xeon(R) CPU E5-2687W v2 @ 3.40GHz'
GPU co-processor: 'Quadro K5000'

Running perftestLNX_S_CPUp
........
================================================================================
perftestLNX_S_CPUp/IndexComputationOnCPU_parallel_ was filtered.
    Test Diagnostic: The MeasuredTime should not be too close to the precision of the framework.
================================================================================
.. .......... .......... .......... ..
Done perftestLNX_S_CPUp
__________

Failure Summary:

     Name                                                Failed  Incomplete  Reason(s)
    =================================================================================================
     perftestLNX_S_CPUp/IndexComputationOnCPU_parallel_              X       Filtered by assumption.


Starting the performance measurement with the following parameters:
Number of finine elements: 10x10x10 (1000)
Date type for 'elements': 'double'
Date type for 'nodes': 'double'
Problem type: 'Vector'
Type of code: 'CPUp'
CPU processor: 'Intel(R) Xeon(R) CPU E5-2687W v2 @ 3.40GHz'
GPU co-processor: 'Quadro K5000'

Running perftestLNX_V_CPUp
.......... .......... .......
Done perftestLNX_V_CPUp
__________



Starting the performance measurement with the following parameters:
Number of finine elements: 20x20x20 (8000)
Date type for 'elements': 'int32'
Date type for 'nodes': 'single'
Problem type: 'Scalar'
Type of code: 'CPUp'
CPU processor: 'Intel(R) Xeon(R) CPU E5-2687W v2 @ 3.40GHz'
GPU co-processor: 'Quadro K5000'

Running perftestLNX_S_CPUp
.......... .......
Done perftestLNX_S_CPUp
__________



Starting the performance measurement with the following parameters:
Number of finine elements: 20x20x20 (8000)
Date type for 'elements': 'int32'
Date type for 'nodes': 'single'
Problem type: 'Vector'
Type of code: 'CPUp'
CPU processor: 'Intel(R) Xeon(R) CPU E5-2687W v2 @ 3.40GHz'
GPU co-processor: 'Quadro K5000'

Running perftestLNX_V_CPUp
.......... ......
Done perftestLNX_V_CPUp
__________



Starting the performance measurement with the following parameters:
Number of finine elements: 20x20x20 (8000)
Date type for 'elements': 'int32'
Date type for 'nodes': 'double'
Problem type: 'Scalar'
Type of code: 'CPUp'
CPU processor: 'Intel(R) Xeon(R) CPU E5-2687W v2 @ 3.40GHz'
GPU co-processor: 'Quadro K5000'

Running perftestLNX_S_CPUp
.......... .......... ....
Done perftestLNX_S_CPUp
__________



Starting the performance measurement with the following parameters:
Number of finine elements: 20x20x20 (8000)
Date type for 'elements': 'int32'
Date type for 'nodes': 'double'
Problem type: 'Vector'
Type of code: 'CPUp'
CPU processor: 'Intel(R) Xeon(R) CPU E5-2687W v2 @ 3.40GHz'
GPU co-processor: 'Quadro K5000'

Running perftestLNX_V_CPUp
.......... .......... ....
Done perftestLNX_V_CPUp
__________



Starting the performance measurement with the following parameters:
Number of finine elements: 20x20x20 (8000)
Date type for 'elements': 'uint32'
Date type for 'nodes': 'single'
Problem type: 'Scalar'
Type of code: 'CPUp'
CPU processor: 'Intel(R) Xeon(R) CPU E5-2687W v2 @ 3.40GHz'
GPU co-processor: 'Quadro K5000'

Running perftestLNX_S_CPUp
.......... ......
Done perftestLNX_S_CPUp
__________



Starting the performance measurement with the following parameters:
Number of finine elements: 20x20x20 (8000)
Date type for 'elements': 'uint32'
Date type for 'nodes': 'single'
Problem type: 'Vector'
Type of code: 'CPUp'
CPU processor: 'Intel(R) Xeon(R) CPU E5-2687W v2 @ 3.40GHz'
GPU co-processor: 'Quadro K5000'

Running perftestLNX_V_CPUp
.......... ......
Done perftestLNX_V_CPUp
__________



Starting the performance measurement with the following parameters:
Number of finine elements: 20x20x20 (8000)
Date type for 'elements': 'uint32'
Date type for 'nodes': 'double'
Problem type: 'Scalar'
Type of code: 'CPUp'
CPU processor: 'Intel(R) Xeon(R) CPU E5-2687W v2 @ 3.40GHz'
GPU co-processor: 'Quadro K5000'

Running perftestLNX_S_CPUp
.......... .......... ......
Done perftestLNX_S_CPUp
__________



Starting the performance measurement with the following parameters:
Number of finine elements: 20x20x20 (8000)
Date type for 'elements': 'uint32'
Date type for 'nodes': 'double'
Problem type: 'Vector'
Type of code: 'CPUp'
CPU processor: 'Intel(R) Xeon(R) CPU E5-2687W v2 @ 3.40GHz'
GPU co-processor: 'Quadro K5000'

Running perftestLNX_V_CPUp
.......... .......... .....
Done perftestLNX_V_CPUp
__________



Starting the performance measurement with the following parameters:
Number of finine elements: 20x20x20 (8000)
Date type for 'elements': 'int64'
Date type for 'nodes': 'double'
Problem type: 'Scalar'
Type of code: 'CPUp'
CPU processor: 'Intel(R) Xeon(R) CPU E5-2687W v2 @ 3.40GHz'
GPU co-processor: 'Quadro K5000'

Running perftestLNX_S_CPUp
.......... .......... ....
Done perftestLNX_S_CPUp
__________



Starting the performance measurement with the following parameters:
Number of finine elements: 20x20x20 (8000)
Date type for 'elements': 'int64'
Date type for 'nodes': 'double'
Problem type: 'Vector'
Type of code: 'CPUp'
CPU processor: 'Intel(R) Xeon(R) CPU E5-2687W v2 @ 3.40GHz'
GPU co-processor: 'Quadro K5000'

Running perftestLNX_V_CPUp
.......... .......... ....
Done perftestLNX_V_CPUp
__________



Starting the performance measurement with the following parameters:
Number of finine elements: 20x20x20 (8000)
Date type for 'elements': 'uint64'
Date type for 'nodes': 'double'
Problem type: 'Scalar'
Type of code: 'CPUp'
CPU processor: 'Intel(R) Xeon(R) CPU E5-2687W v2 @ 3.40GHz'
GPU co-processor: 'Quadro K5000'

Running perftestLNX_S_CPUp
.......... .......... ....
Done perftestLNX_S_CPUp
__________



Starting the performance measurement with the following parameters:
Number of finine elements: 20x20x20 (8000)
Date type for 'elements': 'uint64'
Date type for 'nodes': 'double'
Problem type: 'Vector'
Type of code: 'CPUp'
CPU processor: 'Intel(R) Xeon(R) CPU E5-2687W v2 @ 3.40GHz'
GPU co-processor: 'Quadro K5000'

Running perftestLNX_V_CPUp
.......... .......... ......
Done perftestLNX_V_CPUp
__________



Starting the performance measurement with the following parameters:
Number of finine elements: 20x20x20 (8000)
Date type for 'elements': 'double'
Date type for 'nodes': 'double'
Problem type: 'Scalar'
Type of code: 'CPUp'
CPU processor: 'Intel(R) Xeon(R) CPU E5-2687W v2 @ 3.40GHz'
GPU co-processor: 'Quadro K5000'

Running perftestLNX_S_CPUp
.......... .......... .......... ...
Done perftestLNX_S_CPUp
__________



Starting the performance measurement with the following parameters:
Number of finine elements: 20x20x20 (8000)
Date type for 'elements': 'double'
Date type for 'nodes': 'double'
Problem type: 'Vector'
Type of code: 'CPUp'
CPU processor: 'Intel(R) Xeon(R) CPU E5-2687W v2 @ 3.40GHz'
GPU co-processor: 'Quadro K5000'

Running perftestLNX_V_CPUp
.......... .......... ....
Done perftestLNX_V_CPUp
__________



Starting the performance measurement with the following parameters:
Number of finine elements: 30x30x30 (27000)
Date type for 'elements': 'int32'
Date type for 'nodes': 'single'
Problem type: 'Scalar'
Type of code: 'CPUp'
CPU processor: 'Intel(R) Xeon(R) CPU E5-2687W v2 @ 3.40GHz'
GPU co-processor: 'Quadro K5000'

Running perftestLNX_S_CPUp
.......... ......
Done perftestLNX_S_CPUp
__________



Starting the performance measurement with the following parameters:
Number of finine elements: 30x30x30 (27000)
Date type for 'elements': 'int32'
Date type for 'nodes': 'single'
Problem type: 'Vector'
Type of code: 'CPUp'
CPU processor: 'Intel(R) Xeon(R) CPU E5-2687W v2 @ 3.40GHz'
GPU co-processor: 'Quadro K5000'

Running perftestLNX_V_CPUp
.......... ......
Done perftestLNX_V_CPUp
__________



Starting the performance measurement with the following parameters:
Number of finine elements: 30x30x30 (27000)
Date type for 'elements': 'int32'
Date type for 'nodes': 'double'
Problem type: 'Scalar'
Type of code: 'CPUp'
CPU processor: 'Intel(R) Xeon(R) CPU E5-2687W v2 @ 3.40GHz'
GPU co-processor: 'Quadro K5000'

Running perftestLNX_S_CPUp
.......... .......... .......... .
Done perftestLNX_S_CPUp
__________



Starting the performance measurement with the following parameters:
Number of finine elements: 30x30x30 (27000)
Date type for 'elements': 'int32'
Date type for 'nodes': 'double'
Problem type: 'Vector'
Type of code: 'CPUp'
CPU processor: 'Intel(R) Xeon(R) CPU E5-2687W v2 @ 3.40GHz'
GPU co-processor: 'Quadro K5000'

Running perftestLNX_V_CPUp
.......... .......... ....
Done perftestLNX_V_CPUp
__________



Starting the performance measurement with the following parameters:
Number of finine elements: 30x30x30 (27000)
Date type for 'elements': 'uint32'
Date type for 'nodes': 'single'
Problem type: 'Scalar'
Type of code: 'CPUp'
CPU processor: 'Intel(R) Xeon(R) CPU E5-2687W v2 @ 3.40GHz'
GPU co-processor: 'Quadro K5000'

Running perftestLNX_S_CPUp
.......... .......... .......
Done perftestLNX_S_CPUp
__________



Starting the performance measurement with the following parameters:
Number of finine elements: 30x30x30 (27000)
Date type for 'elements': 'uint32'
Date type for 'nodes': 'single'
Problem type: 'Vector'
Type of code: 'CPUp'
CPU processor: 'Intel(R) Xeon(R) CPU E5-2687W v2 @ 3.40GHz'
GPU co-processor: 'Quadro K5000'

Running perftestLNX_V_CPUp
.......... ......
Done perftestLNX_V_CPUp
__________



Starting the performance measurement with the following parameters:
Number of finine elements: 30x30x30 (27000)
Date type for 'elements': 'uint32'
Date type for 'nodes': 'double'
Problem type: 'Scalar'
Type of code: 'CPUp'
CPU processor: 'Intel(R) Xeon(R) CPU E5-2687W v2 @ 3.40GHz'
GPU co-processor: 'Quadro K5000'

Running perftestLNX_S_CPUp
.......... .......... .....
Done perftestLNX_S_CPUp
__________



Starting the performance measurement with the following parameters:
Number of finine elements: 30x30x30 (27000)
Date type for 'elements': 'uint32'
Date type for 'nodes': 'double'
Problem type: 'Vector'
Type of code: 'CPUp'
CPU processor: 'Intel(R) Xeon(R) CPU E5-2687W v2 @ 3.40GHz'
GPU co-processor: 'Quadro K5000'

Running perftestLNX_V_CPUp
.......... .......... ....
Done perftestLNX_V_CPUp
__________



Starting the performance measurement with the following parameters:
Number of finine elements: 30x30x30 (27000)
Date type for 'elements': 'int64'
Date type for 'nodes': 'double'
Problem type: 'Scalar'
Type of code: 'CPUp'
CPU processor: 'Intel(R) Xeon(R) CPU E5-2687W v2 @ 3.40GHz'
GPU co-processor: 'Quadro K5000'

Running perftestLNX_S_CPUp
.......... .......... .........
Done perftestLNX_S_CPUp
__________



Starting the performance measurement with the following parameters:
Number of finine elements: 30x30x30 (27000)
Date type for 'elements': 'int64'
Date type for 'nodes': 'double'
Problem type: 'Vector'
Type of code: 'CPUp'
CPU processor: 'Intel(R) Xeon(R) CPU E5-2687W v2 @ 3.40GHz'
GPU co-processor: 'Quadro K5000'

Running perftestLNX_V_CPUp
.......... .......... ....
Done perftestLNX_V_CPUp
__________



Starting the performance measurement with the following parameters:
Number of finine elements: 30x30x30 (27000)
Date type for 'elements': 'uint64'
Date type for 'nodes': 'double'
Problem type: 'Scalar'
Type of code: 'CPUp'
CPU processor: 'Intel(R) Xeon(R) CPU E5-2687W v2 @ 3.40GHz'
GPU co-processor: 'Quadro K5000'

Running perftestLNX_S_CPUp
.......... .......... ....
Done perftestLNX_S_CPUp
__________



Starting the performance measurement with the following parameters:
Number of finine elements: 30x30x30 (27000)
Date type for 'elements': 'uint64'
Date type for 'nodes': 'double'
Problem type: 'Vector'
Type of code: 'CPUp'
CPU processor: 'Intel(R) Xeon(R) CPU E5-2687W v2 @ 3.40GHz'
GPU co-processor: 'Quadro K5000'

Running perftestLNX_V_CPUp
.......... .......... ....
Done perftestLNX_V_CPUp
__________



Starting the performance measurement with the following parameters:
Number of finine elements: 30x30x30 (27000)
Date type for 'elements': 'double'
Date type for 'nodes': 'double'
Problem type: 'Scalar'
Type of code: 'CPUp'
CPU processor: 'Intel(R) Xeon(R) CPU E5-2687W v2 @ 3.40GHz'
GPU co-processor: 'Quadro K5000'

Running perftestLNX_S_CPUp
.......... .......... .......... ....
Done perftestLNX_S_CPUp
__________



Starting the performance measurement with the following parameters:
Number of finine elements: 30x30x30 (27000)
Date type for 'elements': 'double'
Date type for 'nodes': 'double'
Problem type: 'Vector'
Type of code: 'CPUp'
CPU processor: 'Intel(R) Xeon(R) CPU E5-2687W v2 @ 3.40GHz'
GPU co-processor: 'Quadro K5000'

Running perftestLNX_V_CPUp
.......... .......... ....
Done perftestLNX_V_CPUp
__________



Starting the performance measurement with the following parameters:
Number of finine elements: 40x40x40 (64000)
Date type for 'elements': 'int32'
Date type for 'nodes': 'single'
Problem type: 'Scalar'
Type of code: 'CPUp'
CPU processor: 'Intel(R) Xeon(R) CPU E5-2687W v2 @ 3.40GHz'
GPU co-processor: 'Quadro K5000'

Running perftestLNX_S_CPUp
.......... ......
Done perftestLNX_S_CPUp
__________



Starting the performance measurement with the following parameters:
Number of finine elements: 40x40x40 (64000)
Date type for 'elements': 'int32'
Date type for 'nodes': 'single'
Problem type: 'Vector'
Type of code: 'CPUp'
CPU processor: 'Intel(R) Xeon(R) CPU E5-2687W v2 @ 3.40GHz'
GPU co-processor: 'Quadro K5000'

Running perftestLNX_V_CPUp
.......... ......
Done perftestLNX_V_CPUp
__________



Starting the performance measurement with the following parameters:
Number of finine elements: 40x40x40 (64000)
Date type for 'elements': 'int32'
Date type for 'nodes': 'double'
Problem type: 'Scalar'
Type of code: 'CPUp'
CPU processor: 'Intel(R) Xeon(R) CPU E5-2687W v2 @ 3.40GHz'
GPU co-processor: 'Quadro K5000'

Running perftestLNX_S_CPUp
.......... .......... ....
Done perftestLNX_S_CPUp
__________



Starting the performance measurement with the following parameters:
Number of finine elements: 40x40x40 (64000)
Date type for 'elements': 'int32'
Date type for 'nodes': 'double'
Problem type: 'Vector'
Type of code: 'CPUp'
CPU processor: 'Intel(R) Xeon(R) CPU E5-2687W v2 @ 3.40GHz'
GPU co-processor: 'Quadro K5000'

Running perftestLNX_V_CPUp
.......... .......... ....
Done perftestLNX_V_CPUp
__________



Starting the performance measurement with the following parameters:
Number of finine elements: 40x40x40 (64000)
Date type for 'elements': 'uint32'
Date type for 'nodes': 'single'
Problem type: 'Scalar'
Type of code: 'CPUp'
CPU processor: 'Intel(R) Xeon(R) CPU E5-2687W v2 @ 3.40GHz'
GPU co-processor: 'Quadro K5000'

Running perftestLNX_S_CPUp
.......... ......
Done perftestLNX_S_CPUp
__________



Starting the performance measurement with the following parameters:
Number of finine elements: 40x40x40 (64000)
Date type for 'elements': 'uint32'
Date type for 'nodes': 'single'
Problem type: 'Vector'
Type of code: 'CPUp'
CPU processor: 'Intel(R) Xeon(R) CPU E5-2687W v2 @ 3.40GHz'
GPU co-processor: 'Quadro K5000'

Running perftestLNX_V_CPUp
.......... ......
Done perftestLNX_V_CPUp
__________



Starting the performance measurement with the following parameters:
Number of finine elements: 40x40x40 (64000)
Date type for 'elements': 'uint32'
Date type for 'nodes': 'double'
Problem type: 'Scalar'
Type of code: 'CPUp'
CPU processor: 'Intel(R) Xeon(R) CPU E5-2687W v2 @ 3.40GHz'
GPU co-processor: 'Quadro K5000'

Running perftestLNX_S_CPUp
.......... .......... ....
Done perftestLNX_S_CPUp
__________



Starting the performance measurement with the following parameters:
Number of finine elements: 40x40x40 (64000)
Date type for 'elements': 'uint32'
Date type for 'nodes': 'double'
Problem type: 'Vector'
Type of code: 'CPUp'
CPU processor: 'Intel(R) Xeon(R) CPU E5-2687W v2 @ 3.40GHz'
GPU co-processor: 'Quadro K5000'

Running perftestLNX_V_CPUp
.......... .......... ....
Done perftestLNX_V_CPUp
__________



Starting the performance measurement with the following parameters:
Number of finine elements: 40x40x40 (64000)
Date type for 'elements': 'int64'
Date type for 'nodes': 'double'
Problem type: 'Scalar'
Type of code: 'CPUp'
CPU processor: 'Intel(R) Xeon(R) CPU E5-2687W v2 @ 3.40GHz'
GPU co-processor: 'Quadro K5000'

Running perftestLNX_S_CPUp
.......... .......... ....
Done perftestLNX_S_CPUp
__________



Starting the performance measurement with the following parameters:
Number of finine elements: 40x40x40 (64000)
Date type for 'elements': 'int64'
Date type for 'nodes': 'double'
Problem type: 'Vector'
Type of code: 'CPUp'
CPU processor: 'Intel(R) Xeon(R) CPU E5-2687W v2 @ 3.40GHz'
GPU co-processor: 'Quadro K5000'

Running perftestLNX_V_CPUp
.......... .......... ....
Done perftestLNX_V_CPUp
__________



Starting the performance measurement with the following parameters:
Number of finine elements: 40x40x40 (64000)
Date type for 'elements': 'uint64'
Date type for 'nodes': 'double'
Problem type: 'Scalar'
Type of code: 'CPUp'
CPU processor: 'Intel(R) Xeon(R) CPU E5-2687W v2 @ 3.40GHz'
GPU co-processor: 'Quadro K5000'

Running perftestLNX_S_CPUp
.......... .......... ....
Done perftestLNX_S_CPUp
__________



Starting the performance measurement with the following parameters:
Number of finine elements: 40x40x40 (64000)
Date type for 'elements': 'uint64'
Date type for 'nodes': 'double'
Problem type: 'Vector'
Type of code: 'CPUp'
CPU processor: 'Intel(R) Xeon(R) CPU E5-2687W v2 @ 3.40GHz'
GPU co-processor: 'Quadro K5000'

Running perftestLNX_V_CPUp
.......... .......... ....
Done perftestLNX_V_CPUp
__________



Starting the performance measurement with the following parameters:
Number of finine elements: 40x40x40 (64000)
Date type for 'elements': 'double'
Date type for 'nodes': 'double'
Problem type: 'Scalar'
Type of code: 'CPUp'
CPU processor: 'Intel(R) Xeon(R) CPU E5-2687W v2 @ 3.40GHz'
GPU co-processor: 'Quadro K5000'

Running perftestLNX_S_CPUp
.......... .......... ....
Done perftestLNX_S_CPUp
__________



Starting the performance measurement with the following parameters:
Number of finine elements: 40x40x40 (64000)
Date type for 'elements': 'double'
Date type for 'nodes': 'double'
Problem type: 'Vector'
Type of code: 'CPUp'
CPU processor: 'Intel(R) Xeon(R) CPU E5-2687W v2 @ 3.40GHz'
GPU co-processor: 'Quadro K5000'

Running perftestLNX_V_CPUp
.......... .......... ....
Done perftestLNX_V_CPUp
__________



Starting the performance measurement with the following parameters:
Number of finine elements: 50x50x50 (125000)
Date type for 'elements': 'int32'
Date type for 'nodes': 'single'
Problem type: 'Scalar'
Type of code: 'CPUp'
CPU processor: 'Intel(R) Xeon(R) CPU E5-2687W v2 @ 3.40GHz'
GPU co-processor: 'Quadro K5000'

Running perftestLNX_S_CPUp
.......... ......
Done perftestLNX_S_CPUp
__________



Starting the performance measurement with the following parameters:
Number of finine elements: 50x50x50 (125000)
Date type for 'elements': 'int32'
Date type for 'nodes': 'single'
Problem type: 'Vector'
Type of code: 'CPUp'
CPU processor: 'Intel(R) Xeon(R) CPU E5-2687W v2 @ 3.40GHz'
GPU co-processor: 'Quadro K5000'

Running perftestLNX_V_CPUp
.......... ......
Done perftestLNX_V_CPUp
__________



Starting the performance measurement with the following parameters:
Number of finine elements: 50x50x50 (125000)
Date type for 'elements': 'int32'
Date type for 'nodes': 'double'
Problem type: 'Scalar'
Type of code: 'CPUp'
CPU processor: 'Intel(R) Xeon(R) CPU E5-2687W v2 @ 3.40GHz'
GPU co-processor: 'Quadro K5000'

Running perftestLNX_S_CPUp
.......... .......... ....
Done perftestLNX_S_CPUp
__________



Starting the performance measurement with the following parameters:
Number of finine elements: 50x50x50 (125000)
Date type for 'elements': 'int32'
Date type for 'nodes': 'double'
Problem type: 'Vector'
Type of code: 'CPUp'
CPU processor: 'Intel(R) Xeon(R) CPU E5-2687W v2 @ 3.40GHz'
GPU co-processor: 'Quadro K5000'

Running perftestLNX_V_CPUp
.......... .......... ....
Done perftestLNX_V_CPUp
__________



Starting the performance measurement with the following parameters:
Number of finine elements: 50x50x50 (125000)
Date type for 'elements': 'uint32'
Date type for 'nodes': 'single'
Problem type: 'Scalar'
Type of code: 'CPUp'
CPU processor: 'Intel(R) Xeon(R) CPU E5-2687W v2 @ 3.40GHz'
GPU co-processor: 'Quadro K5000'

Running perftestLNX_S_CPUp
.......... ......
Done perftestLNX_S_CPUp
__________



Starting the performance measurement with the following parameters:
Number of finine elements: 50x50x50 (125000)
Date type for 'elements': 'uint32'
Date type for 'nodes': 'single'
Problem type: 'Vector'
Type of code: 'CPUp'
CPU processor: 'Intel(R) Xeon(R) CPU E5-2687W v2 @ 3.40GHz'
GPU co-processor: 'Quadro K5000'

Running perftestLNX_V_CPUp
.......... ......
Done perftestLNX_V_CPUp
__________



Starting the performance measurement with the following parameters:
Number of finine elements: 50x50x50 (125000)
Date type for 'elements': 'uint32'
Date type for 'nodes': 'double'
Problem type: 'Scalar'
Type of code: 'CPUp'
CPU processor: 'Intel(R) Xeon(R) CPU E5-2687W v2 @ 3.40GHz'
GPU co-processor: 'Quadro K5000'

Running perftestLNX_S_CPUp
.......... .......... ....
Done perftestLNX_S_CPUp
__________



Starting the performance measurement with the following parameters:
Number of finine elements: 50x50x50 (125000)
Date type for 'elements': 'uint32'
Date type for 'nodes': 'double'
Problem type: 'Vector'
Type of code: 'CPUp'
CPU processor: 'Intel(R) Xeon(R) CPU E5-2687W v2 @ 3.40GHz'
GPU co-processor: 'Quadro K5000'

Running perftestLNX_V_CPUp
.......... .......... ....
Done perftestLNX_V_CPUp
__________



Starting the performance measurement with the following parameters:
Number of finine elements: 50x50x50 (125000)
Date type for 'elements': 'int64'
Date type for 'nodes': 'double'
Problem type: 'Scalar'
Type of code: 'CPUp'
CPU processor: 'Intel(R) Xeon(R) CPU E5-2687W v2 @ 3.40GHz'
GPU co-processor: 'Quadro K5000'

Running perftestLNX_S_CPUp
.......... .......... ....
Done perftestLNX_S_CPUp
__________



Starting the performance measurement with the following parameters:
Number of finine elements: 50x50x50 (125000)
Date type for 'elements': 'int64'
Date type for 'nodes': 'double'
Problem type: 'Vector'
Type of code: 'CPUp'
CPU processor: 'Intel(R) Xeon(R) CPU E5-2687W v2 @ 3.40GHz'
GPU co-processor: 'Quadro K5000'

Running perftestLNX_V_CPUp
.......... .......... ....
Done perftestLNX_V_CPUp
__________



Starting the performance measurement with the following parameters:
Number of finine elements: 50x50x50 (125000)
Date type for 'elements': 'uint64'
Date type for 'nodes': 'double'
Problem type: 'Scalar'
Type of code: 'CPUp'
CPU processor: 'Intel(R) Xeon(R) CPU E5-2687W v2 @ 3.40GHz'
GPU co-processor: 'Quadro K5000'

Running perftestLNX_S_CPUp
.......... .......... ....
Done perftestLNX_S_CPUp
__________



Starting the performance measurement with the following parameters:
Number of finine elements: 50x50x50 (125000)
Date type for 'elements': 'uint64'
Date type for 'nodes': 'double'
Problem type: 'Vector'
Type of code: 'CPUp'
CPU processor: 'Intel(R) Xeon(R) CPU E5-2687W v2 @ 3.40GHz'
GPU co-processor: 'Quadro K5000'

Running perftestLNX_V_CPUp
.......... .......... ....
Done perftestLNX_V_CPUp
__________



Starting the performance measurement with the following parameters:
Number of finine elements: 50x50x50 (125000)
Date type for 'elements': 'double'
Date type for 'nodes': 'double'
Problem type: 'Scalar'
Type of code: 'CPUp'
CPU processor: 'Intel(R) Xeon(R) CPU E5-2687W v2 @ 3.40GHz'
GPU co-processor: 'Quadro K5000'

Running perftestLNX_S_CPUp
.......... .......... ....
Done perftestLNX_S_CPUp
__________



Starting the performance measurement with the following parameters:
Number of finine elements: 50x50x50 (125000)
Date type for 'elements': 'double'
Date type for 'nodes': 'double'
Problem type: 'Vector'
Type of code: 'CPUp'
CPU processor: 'Intel(R) Xeon(R) CPU E5-2687W v2 @ 3.40GHz'
GPU co-processor: 'Quadro K5000'

Running perftestLNX_V_CPUp
.......... .......... .....
Done perftestLNX_V_CPUp
__________



Starting the performance measurement with the following parameters:
Number of finine elements: 60x60x60 (216000)
Date type for 'elements': 'int32'
Date type for 'nodes': 'single'
Problem type: 'Scalar'
Type of code: 'CPUp'
CPU processor: 'Intel(R) Xeon(R) CPU E5-2687W v2 @ 3.40GHz'
GPU co-processor: 'Quadro K5000'

Running perftestLNX_S_CPUp
.......... ......
Done perftestLNX_S_CPUp
__________



Starting the performance measurement with the following parameters:
Number of finine elements: 60x60x60 (216000)
Date type for 'elements': 'int32'
Date type for 'nodes': 'single'
Problem type: 'Vector'
Type of code: 'CPUp'
CPU processor: 'Intel(R) Xeon(R) CPU E5-2687W v2 @ 3.40GHz'
GPU co-processor: 'Quadro K5000'

Running perftestLNX_V_CPUp
.......... ........
Done perftestLNX_V_CPUp
__________



Starting the performance measurement with the following parameters:
Number of finine elements: 60x60x60 (216000)
Date type for 'elements': 'int32'
Date type for 'nodes': 'double'
Problem type: 'Scalar'
Type of code: 'CPUp'
CPU processor: 'Intel(R) Xeon(R) CPU E5-2687W v2 @ 3.40GHz'
GPU co-processor: 'Quadro K5000'

Running perftestLNX_S_CPUp
.......... .......... ....
Done perftestLNX_S_CPUp
__________



Starting the performance measurement with the following parameters:
Number of finine elements: 60x60x60 (216000)
Date type for 'elements': 'int32'
Date type for 'nodes': 'double'
Problem type: 'Vector'
Type of code: 'CPUp'
CPU processor: 'Intel(R) Xeon(R) CPU E5-2687W v2 @ 3.40GHz'
GPU co-processor: 'Quadro K5000'

Running perftestLNX_V_CPUp
.......... .......... .....
Done perftestLNX_V_CPUp
__________



Starting the performance measurement with the following parameters:
Number of finine elements: 60x60x60 (216000)
Date type for 'elements': 'uint32'
Date type for 'nodes': 'single'
Problem type: 'Scalar'
Type of code: 'CPUp'
CPU processor: 'Intel(R) Xeon(R) CPU E5-2687W v2 @ 3.40GHz'
GPU co-processor: 'Quadro K5000'

Running perftestLNX_S_CPUp
.......... ......
Done perftestLNX_S_CPUp
__________



Starting the performance measurement with the following parameters:
Number of finine elements: 60x60x60 (216000)
Date type for 'elements': 'uint32'
Date type for 'nodes': 'single'
Problem type: 'Vector'
Type of code: 'CPUp'
CPU processor: 'Intel(R) Xeon(R) CPU E5-2687W v2 @ 3.40GHz'
GPU co-processor: 'Quadro K5000'

Running perftestLNX_V_CPUp
.......... ......
Done perftestLNX_V_CPUp
__________



Starting the performance measurement with the following parameters:
Number of finine elements: 60x60x60 (216000)
Date type for 'elements': 'uint32'
Date type for 'nodes': 'double'
Problem type: 'Scalar'
Type of code: 'CPUp'
CPU processor: 'Intel(R) Xeon(R) CPU E5-2687W v2 @ 3.40GHz'
GPU co-processor: 'Quadro K5000'

Running perftestLNX_S_CPUp
.......... .......... ....
Done perftestLNX_S_CPUp
__________



Starting the performance measurement with the following parameters:
Number of finine elements: 60x60x60 (216000)
Date type for 'elements': 'uint32'
Date type for 'nodes': 'double'
Problem type: 'Vector'
Type of code: 'CPUp'
CPU processor: 'Intel(R) Xeon(R) CPU E5-2687W v2 @ 3.40GHz'
GPU co-processor: 'Quadro K5000'

Running perftestLNX_V_CPUp
.......... .......... ....
Done perftestLNX_V_CPUp
__________



Starting the performance measurement with the following parameters:
Number of finine elements: 60x60x60 (216000)
Date type for 'elements': 'int64'
Date type for 'nodes': 'double'
Problem type: 'Scalar'
Type of code: 'CPUp'
CPU processor: 'Intel(R) Xeon(R) CPU E5-2687W v2 @ 3.40GHz'
GPU co-processor: 'Quadro K5000'

Running perftestLNX_S_CPUp
.......... .......... ....
Done perftestLNX_S_CPUp
__________



Starting the performance measurement with the following parameters:
Number of finine elements: 60x60x60 (216000)
Date type for 'elements': 'int64'
Date type for 'nodes': 'double'
Problem type: 'Vector'
Type of code: 'CPUp'
CPU processor: 'Intel(R) Xeon(R) CPU E5-2687W v2 @ 3.40GHz'
GPU co-processor: 'Quadro K5000'

Running perftestLNX_V_CPUp
.......... .......... ....
Done perftestLNX_V_CPUp
__________



Starting the performance measurement with the following parameters:
Number of finine elements: 60x60x60 (216000)
Date type for 'elements': 'uint64'
Date type for 'nodes': 'double'
Problem type: 'Scalar'
Type of code: 'CPUp'
CPU processor: 'Intel(R) Xeon(R) CPU E5-2687W v2 @ 3.40GHz'
GPU co-processor: 'Quadro K5000'

Running perftestLNX_S_CPUp
.......... .......... ....
Done perftestLNX_S_CPUp
__________



Starting the performance measurement with the following parameters:
Number of finine elements: 60x60x60 (216000)
Date type for 'elements': 'uint64'
Date type for 'nodes': 'double'
Problem type: 'Vector'
Type of code: 'CPUp'
CPU processor: 'Intel(R) Xeon(R) CPU E5-2687W v2 @ 3.40GHz'
GPU co-processor: 'Quadro K5000'

Running perftestLNX_V_CPUp
.......... .......... ....
Done perftestLNX_V_CPUp
__________



Starting the performance measurement with the following parameters:
Number of finine elements: 60x60x60 (216000)
Date type for 'elements': 'double'
Date type for 'nodes': 'double'
Problem type: 'Scalar'
Type of code: 'CPUp'
CPU processor: 'Intel(R) Xeon(R) CPU E5-2687W v2 @ 3.40GHz'
GPU co-processor: 'Quadro K5000'

Running perftestLNX_S_CPUp
.......... .......... ....
Done perftestLNX_S_CPUp
__________



Starting the performance measurement with the following parameters:
Number of finine elements: 60x60x60 (216000)
Date type for 'elements': 'double'
Date type for 'nodes': 'double'
Problem type: 'Vector'
Type of code: 'CPUp'
CPU processor: 'Intel(R) Xeon(R) CPU E5-2687W v2 @ 3.40GHz'
GPU co-processor: 'Quadro K5000'

Running perftestLNX_V_CPUp
.......... .......... ....
Done perftestLNX_V_CPUp
__________



Starting the performance measurement with the following parameters:
Number of finine elements: 70x70x70 (343000)
Date type for 'elements': 'int32'
Date type for 'nodes': 'single'
Problem type: 'Scalar'
Type of code: 'CPUp'
CPU processor: 'Intel(R) Xeon(R) CPU E5-2687W v2 @ 3.40GHz'
GPU co-processor: 'Quadro K5000'

Running perftestLNX_S_CPUp
.......... ......
Done perftestLNX_S_CPUp
__________



Starting the performance measurement with the following parameters:
Number of finine elements: 70x70x70 (343000)
Date type for 'elements': 'int32'
Date type for 'nodes': 'single'
Problem type: 'Vector'
Type of code: 'CPUp'
CPU processor: 'Intel(R) Xeon(R) CPU E5-2687W v2 @ 3.40GHz'
GPU co-processor: 'Quadro K5000'

Running perftestLNX_V_CPUp
.......... ......
Done perftestLNX_V_CPUp
__________



Starting the performance measurement with the following parameters:
Number of finine elements: 70x70x70 (343000)
Date type for 'elements': 'int32'
Date type for 'nodes': 'double'
Problem type: 'Scalar'
Type of code: 'CPUp'
CPU processor: 'Intel(R) Xeon(R) CPU E5-2687W v2 @ 3.40GHz'
GPU co-processor: 'Quadro K5000'

Running perftestLNX_S_CPUp
.......... .......... ....
Done perftestLNX_S_CPUp
__________



Starting the performance measurement with the following parameters:
Number of finine elements: 70x70x70 (343000)
Date type for 'elements': 'int32'
Date type for 'nodes': 'double'
Problem type: 'Vector'
Type of code: 'CPUp'
CPU processor: 'Intel(R) Xeon(R) CPU E5-2687W v2 @ 3.40GHz'
GPU co-processor: 'Quadro K5000'

Running perftestLNX_V_CPUp
.......... .......... ....
Done perftestLNX_V_CPUp
__________



Starting the performance measurement with the following parameters:
Number of finine elements: 70x70x70 (343000)
Date type for 'elements': 'uint32'
Date type for 'nodes': 'single'
Problem type: 'Scalar'
Type of code: 'CPUp'
CPU processor: 'Intel(R) Xeon(R) CPU E5-2687W v2 @ 3.40GHz'
GPU co-processor: 'Quadro K5000'

Running perftestLNX_S_CPUp
.......... ......
Done perftestLNX_S_CPUp
__________



Starting the performance measurement with the following parameters:
Number of finine elements: 70x70x70 (343000)
Date type for 'elements': 'uint32'
Date type for 'nodes': 'single'
Problem type: 'Vector'
Type of code: 'CPUp'
CPU processor: 'Intel(R) Xeon(R) CPU E5-2687W v2 @ 3.40GHz'
GPU co-processor: 'Quadro K5000'

Running perftestLNX_V_CPUp
.......... ......
Done perftestLNX_V_CPUp
__________



Starting the performance measurement with the following parameters:
Number of finine elements: 70x70x70 (343000)
Date type for 'elements': 'uint32'
Date type for 'nodes': 'double'
Problem type: 'Scalar'
Type of code: 'CPUp'
CPU processor: 'Intel(R) Xeon(R) CPU E5-2687W v2 @ 3.40GHz'
GPU co-processor: 'Quadro K5000'

Running perftestLNX_S_CPUp
.......... .......... ....
Done perftestLNX_S_CPUp
__________



Starting the performance measurement with the following parameters:
Number of finine elements: 70x70x70 (343000)
Date type for 'elements': 'uint32'
Date type for 'nodes': 'double'
Problem type: 'Vector'
Type of code: 'CPUp'
CPU processor: 'Intel(R) Xeon(R) CPU E5-2687W v2 @ 3.40GHz'
GPU co-processor: 'Quadro K5000'

Running perftestLNX_V_CPUp
.......... .......... ....
Done perftestLNX_V_CPUp
__________



Starting the performance measurement with the following parameters:
Number of finine elements: 70x70x70 (343000)
Date type for 'elements': 'int64'
Date type for 'nodes': 'double'
Problem type: 'Scalar'
Type of code: 'CPUp'
CPU processor: 'Intel(R) Xeon(R) CPU E5-2687W v2 @ 3.40GHz'
GPU co-processor: 'Quadro K5000'

Running perftestLNX_S_CPUp
.......... .......... ....
Done perftestLNX_S_CPUp
__________



Starting the performance measurement with the following parameters:
Number of finine elements: 70x70x70 (343000)
Date type for 'elements': 'int64'
Date type for 'nodes': 'double'
Problem type: 'Vector'
Type of code: 'CPUp'
CPU processor: 'Intel(R) Xeon(R) CPU E5-2687W v2 @ 3.40GHz'
GPU co-processor: 'Quadro K5000'

Running perftestLNX_V_CPUp
.......... .......... ....
Done perftestLNX_V_CPUp
__________



Starting the performance measurement with the following parameters:
Number of finine elements: 70x70x70 (343000)
Date type for 'elements': 'uint64'
Date type for 'nodes': 'double'
Problem type: 'Scalar'
Type of code: 'CPUp'
CPU processor: 'Intel(R) Xeon(R) CPU E5-2687W v2 @ 3.40GHz'
GPU co-processor: 'Quadro K5000'

Running perftestLNX_S_CPUp
.......... .......... ....
Done perftestLNX_S_CPUp
__________



Starting the performance measurement with the following parameters:
Number of finine elements: 70x70x70 (343000)
Date type for 'elements': 'uint64'
Date type for 'nodes': 'double'
Problem type: 'Vector'
Type of code: 'CPUp'
CPU processor: 'Intel(R) Xeon(R) CPU E5-2687W v2 @ 3.40GHz'
GPU co-processor: 'Quadro K5000'

Running perftestLNX_V_CPUp
.......... .......... ....
Done perftestLNX_V_CPUp
__________



Starting the performance measurement with the following parameters:
Number of finine elements: 70x70x70 (343000)
Date type for 'elements': 'double'
Date type for 'nodes': 'double'
Problem type: 'Scalar'
Type of code: 'CPUp'
CPU processor: 'Intel(R) Xeon(R) CPU E5-2687W v2 @ 3.40GHz'
GPU co-processor: 'Quadro K5000'

Running perftestLNX_S_CPUp
.......... .......... ....
Done perftestLNX_S_CPUp
__________



Starting the performance measurement with the following parameters:
Number of finine elements: 70x70x70 (343000)
Date type for 'elements': 'double'
Date type for 'nodes': 'double'
Problem type: 'Vector'
Type of code: 'CPUp'
CPU processor: 'Intel(R) Xeon(R) CPU E5-2687W v2 @ 3.40GHz'
GPU co-processor: 'Quadro K5000'

Running perftestLNX_V_CPUp
.......... .......... ....
Done perftestLNX_V_CPUp
__________



Starting the performance measurement with the following parameters:
Number of finine elements: 80x80x80 (512000)
Date type for 'elements': 'int32'
Date type for 'nodes': 'single'
Problem type: 'Scalar'
Type of code: 'CPUp'
CPU processor: 'Intel(R) Xeon(R) CPU E5-2687W v2 @ 3.40GHz'
GPU co-processor: 'Quadro K5000'

Running perftestLNX_S_CPUp
.......... ......
Done perftestLNX_S_CPUp
__________



Starting the performance measurement with the following parameters:
Number of finine elements: 80x80x80 (512000)
Date type for 'elements': 'int32'
Date type for 'nodes': 'single'
Problem type: 'Vector'
Type of code: 'CPUp'
CPU processor: 'Intel(R) Xeon(R) CPU E5-2687W v2 @ 3.40GHz'
GPU co-processor: 'Quadro K5000'

Running perftestLNX_V_CPUp
.......... ........
Done perftestLNX_V_CPUp
__________



Starting the performance measurement with the following parameters:
Number of finine elements: 80x80x80 (512000)
Date type for 'elements': 'int32'
Date type for 'nodes': 'double'
Problem type: 'Scalar'
Type of code: 'CPUp'
CPU processor: 'Intel(R) Xeon(R) CPU E5-2687W v2 @ 3.40GHz'
GPU co-processor: 'Quadro K5000'

Running perftestLNX_S_CPUp
.......... .......... ....
Done perftestLNX_S_CPUp
__________



Starting the performance measurement with the following parameters:
Number of finine elements: 80x80x80 (512000)
Date type for 'elements': 'int32'
Date type for 'nodes': 'double'
Problem type: 'Vector'
Type of code: 'CPUp'
CPU processor: 'Intel(R) Xeon(R) CPU E5-2687W v2 @ 3.40GHz'
GPU co-processor: 'Quadro K5000'

Running perftestLNX_V_CPUp
.......... .......... ....
Done perftestLNX_V_CPUp
__________



Starting the performance measurement with the following parameters:
Number of finine elements: 80x80x80 (512000)
Date type for 'elements': 'uint32'
Date type for 'nodes': 'single'
Problem type: 'Scalar'
Type of code: 'CPUp'
CPU processor: 'Intel(R) Xeon(R) CPU E5-2687W v2 @ 3.40GHz'
GPU co-processor: 'Quadro K5000'

Running perftestLNX_S_CPUp
.......... ......
Done perftestLNX_S_CPUp
__________



Starting the performance measurement with the following parameters:
Number of finine elements: 80x80x80 (512000)
Date type for 'elements': 'uint32'
Date type for 'nodes': 'single'
Problem type: 'Vector'
Type of code: 'CPUp'
CPU processor: 'Intel(R) Xeon(R) CPU E5-2687W v2 @ 3.40GHz'
GPU co-processor: 'Quadro K5000'

Running perftestLNX_V_CPUp
.......... ......
Done perftestLNX_V_CPUp
__________



Starting the performance measurement with the following parameters:
Number of finine elements: 80x80x80 (512000)
Date type for 'elements': 'uint32'
Date type for 'nodes': 'double'
Problem type: 'Scalar'
Type of code: 'CPUp'
CPU processor: 'Intel(R) Xeon(R) CPU E5-2687W v2 @ 3.40GHz'
GPU co-processor: 'Quadro K5000'

Running perftestLNX_S_CPUp
.......... .......... ....
Done perftestLNX_S_CPUp
__________



Starting the performance measurement with the following parameters:
Number of finine elements: 80x80x80 (512000)
Date type for 'elements': 'uint32'
Date type for 'nodes': 'double'
Problem type: 'Vector'
Type of code: 'CPUp'
CPU processor: 'Intel(R) Xeon(R) CPU E5-2687W v2 @ 3.40GHz'
GPU co-processor: 'Quadro K5000'

Running perftestLNX_V_CPUp
.......... .......... ....
Done perftestLNX_V_CPUp
__________



Starting the performance measurement with the following parameters:
Number of finine elements: 80x80x80 (512000)
Date type for 'elements': 'int64'
Date type for 'nodes': 'double'
Problem type: 'Scalar'
Type of code: 'CPUp'
CPU processor: 'Intel(R) Xeon(R) CPU E5-2687W v2 @ 3.40GHz'
GPU co-processor: 'Quadro K5000'

Running perftestLNX_S_CPUp
.......... .